Trace Function
_ZN4seal4util29divide_uint192_uint64_inplaceEPmmS1_ _ZN4seal4util8add_safeIivEET_S2_S2_, 192 , 129 63 
_ZN4seal4util29divide_uint192_uint64_inplaceEPmmS1_ _Znwm, 96 61 4294967287 4 , 24 
_ZN4seal4util29divide_uint192_uint64_inplaceEPmmS1_ _Znwm, 16 49 4294967287 4 , 24 
_ZN4seal4util29divide_uint192_uint64_inplaceEPmmS1_ _ZdlPv, , 16 49 4294967287 4 
_ZN4seal4util29divide_uint192_uint64_inplaceEPmmS1_ _ZdlPv, , 96 61 4294967287 4 
_ZN4seal4util29divide_uint192_uint64_inplaceEPmmS1_ _ZN4seal4util8add_safeIivEET_S2_S2_, 192 , 129 63 
_ZN4seal4util29divide_uint192_uint64_inplaceEPmmS1_ _Znwm, 64 68 4294967287 4 , 24 
_ZN4seal4util29divide_uint192_uint64_inplaceEPmmS1_ _Znwm, 16 61 4294967287 4 , 24 
_ZN4seal4util29divide_uint192_uint64_inplaceEPmmS1_ _ZdlPv, , 16 61 4294967287 4 
_ZN8SEALTest23EncryptorTest_t117_Test8TestBodyEv _ZNKSt7complexIdE4realB5cxx11Ev, -1.2481e-05 , -1.2481e-05 -1.89882e-06 
_ZN8SEALTest23EncryptorTest_t117_Test8TestBodyEv _ZNK7testing15nionResultcvbEv, , 1 
_ZN8SEALTest23EncryptorTest_t117_Test8TestBodyEv _ZN7testing15nionResultD2Ev, , 1 
_ZN8SEALTest23EncryptorTest_t117_Test8TestBodyEv _ZN9__gnu_cxx17__normal_iteratorIPSt7complexIdESt6vectorIS2_SaIS2_EEEppEv, 6.19625e-06 3.09627e-05 , 6.19625e-06 3.09627e-05 
_ZN9__gnu_cxxneIPSt7complexIdESt6vectorIS2_SaIS2_EEEEbRKNS_17__normal_iteratorIT_T0_EESC_ _ZNK9__gnu_cxx17__normal_iteratorIPSt7complexIdESt6vectorIS2_SaIS2_EEE4baseEv, 6.19625e-06 3.09627e-05 , 6.19625e-06 3.09627e-05 
_ZN9__gnu_cxxneIPSt7complexIdESt6vectorIS2_SaIS2_EEEEbRKNS_17__normal_iteratorIT_T0_EESC_ _ZNK9__gnu_cxx17__normal_iteratorIPSt7complexIdESt6vectorIS2_SaIS2_EEE4baseEv, 0 5.58294e-322 , 0 5.58294e-322 
_ZN8SEALTest23EncryptorTest_t117_Test8TestBodyEv _ZN9__gnu_cxxneIPSt7complexIdESt6vectorIS2_SaIS2_EEEEbRKNS_17__normal_iteratorIT_T0_EESC_, , 6.19625e-06 3.09627e-05 0 5.58294e-322 
_ZN8SEALTest23EncryptorTest_t117_Test8TestBodyEv _ZNK9__gnu_cxx17__normal_iteratorIPSt7complexIdESt6vectorIS2_SaIS2_EEEdeEv, 6.19625e-06 3.09627e-05 , 6.19625e-06 3.09627e-05 
_ZN8SEALTest23EncryptorTest_t117_Test8TestBodyEv _ZNKSt7complexIdE4realB5cxx11Ev, 6.19625e-06 , 6.19625e-06 3.09627e-05 
_ZN8SEALTest23EncryptorTest_t117_Test8TestBodyEv _ZNK7testing15nionResultcvbEv, , 1 
_ZN8SEALTest23EncryptorTest_t117_Test8TestBodyEv _ZN7testing15nionResultD2Ev, , 1 
_ZN8SEALTest23EncryptorTest_t117_Test8TestBodyEv _ZN9__gnu_cxx17__normal_iteratorIPSt7complexIdESt6vectorIS2_SaIS2_EEEppEv, -1.07724e-05 -1.88431e-05 , -1.07724e-05 -1.88431e-05 
_ZN9__gnu_cxxneIPSt7complexIdESt6vectorIS2_SaIS2_EEEEbRKNS_17__normal_iteratorIT_T0_EESC_ _ZNK9__gnu_cxx17__normal_iteratorIPSt7complexIdESt6vectorIS2_SaIS2_EEE4baseEv, -1.07724e-05 -1.88431e-05 , -1.07724e-05 -1.88431e-05 
_ZN9__gnu_cxxneIPSt7complexIdESt6vectorIS2_SaIS2_EEEEbRKNS_17__normal_iteratorIT_T0_EESC_ _ZNK9__gnu_cxx17__normal_iteratorIPSt7complexIdESt6vectorIS2_SaIS2_EEE4baseEv, 0 5.58294e-322 , 0 5.58294e-322 
_ZN8SEALTest23EncryptorTest_t117_Test8TestBodyEv _ZN9__gnu_cxxneIPSt7complexIdESt6vectorIS2_SaIS2_EEEEbRKNS_17__normal_iteratorIT_T0_EESC_, , -1.07724e-05 -1.88431e-05 0 5.58294e-322 
_ZN8SEALTest23EncryptorTest_t117_Test8TestBodyEv _ZNK9__gnu_cxx17__normal_iteratorIPSt7complexIdESt6vectorIS2_SaIS2_EEEdeEv, -1.07724e-05 -1.88431e-05 , -1.07724e-05 -1.88431e-05 
_ZN8SEALTest23EncryptorTest_t117_Test8TestBodyEv _ZNKSt7complexIdE4realB5cxx11Ev, -1.07724e-05 , -1.07724e-05 -1.88431e-05 
_ZN8SEALTest23EncryptorTest_t117_Test8TestBodyEv _ZNK7testing15nionResultcvbEv, , 1 
_ZN8SEALTest23EncryptorTest_t117_Test8TestBodyEv _ZN7testing15nionResultD2Ev, , 1 
_ZN8SEALTest23EncryptorTest_t117_Test8TestBodyEv _ZN9__gnu_cxx17__normal_iteratorIPSt7complexIdESt6vectorIS2_SaIS2_EEEppEv, -3.27171e-06 2.41397e-05 , -3.27171e-06 2.41397e-05 
_ZN9__gnu_cxxneIPSt7complexIdESt6vectorIS2_SaIS2_EEEEbRKNS_17__normal_iteratorIT_T0_EESC_ _ZNK9__gnu_cxx17__normal_iteratorIPSt7complexIdESt6vectorIS2_SaIS2_EEE4baseEv, -3.27171e-06 2.41397e-05 , -3.27171e-06 2.41397e-05 
_ZN9__gnu_cxxneIPSt7complexIdESt6vectorIS2_SaIS2_EEEEbRKNS_17__normal_iteratorIT_T0_EESC_ _ZNK9__gnu_cxx17__normal_iteratorIPSt7complexIdESt6vectorIS2_SaIS2_EEE4baseEv, 0 5.58294e-322 , 0 5.58294e-322 
_ZN8SEALTest23EncryptorTest_t117_Test8TestBodyEv _ZN9__gnu_cxxneIPSt7complexIdESt6vectorIS2_SaIS2_EEEEbRKNS_17__normal_iteratorIT_T0_EESC_, , -3.27171e-06 2.41397e-05 0 5.58294e-322 
_ZN8SEALTest23EncryptorTest_t117_Test8TestBodyEv _ZNK9__gnu_cxx17__normal_iteratorIPSt7complexIdESt6vectorIS2_SaIS2_EEEdeEv, -3.27171e-06 2.41397e-05 , -3.27171e-06 2.41397e-05 
_ZN8SEALTest23EncryptorTest_t117_Test8TestBodyEv _ZNKSt7complexIdE4realB5cxx11Ev, -3.27171e-06 , -3.27171e-06 2.41397e-05 
_ZN8SEALTest23EncryptorTest_t117_Test8TestBodyEv _ZNK7testing15nionResultcvbEv, , 1 
_ZN8SEALTest23EncryptorTest_t117_Test8TestBodyEv _ZN7testing15nionResultD2Ev, , 1 
_ZN8SEALTest23EncryptorTest_t117_Test8TestBodyEv _ZN9__gnu_cxx17__normal_iteratorIPSt7complexIdESt6vectorIS2_SaIS2_EEEppEv, -3.68257e-05 -1.36501e-05 , -3.68257e-05 -1.36501e-05 
_ZN9__gnu_cxxneIPSt7complexIdESt6vectorIS2_SaIS2_EEEEbRKNS_17__normal_iteratorIT_T0_EESC_ _ZNK9__gnu_cxx17__normal_iteratorIPSt7complexIdESt6vectorIS2_SaIS2_EEE4baseEv, -3.68257e-05 -1.36501e-05 , -3.68257e-05 -1.36501e-05 
_ZN9__gnu_cxxneIPSt7complexIdESt6vectorIS2_SaIS2_EEEEbRKNS_17__normal_iteratorIT_T0_EESC_ _ZNK9__gnu_cxx17__normal_iteratorIPSt7complexIdESt6vectorIS2_SaIS2_EEE4baseEv, 0 5.58294e-322 , 0 5.58294e-322 
_ZN8SEALTest23EncryptorTest_t117_Test8TestBodyEv _ZN9__gnu_cxxneIPSt7complexIdESt6vectorIS2_SaIS2_EEEEbRKNS_17__normal_iteratorIT_T0_EESC_, , -3.68257e-05 -1.36501e-05 0 5.58294e-322 
_ZN8SEALTest23EncryptorTest_t117_Test8TestBodyEv _ZNK9__gnu_cxx17__normal_iteratorIPSt7complexIdESt6vectorIS2_SaIS2_EEEdeEv, -3.68257e-05 -1.36501e-05 , -3.68257e-05 -1.36501e-05 
_ZN8SEALTest23EncryptorTest_t117_Test8TestBodyEv _ZNKSt7complexIdE4realB5cxx11Ev, -3.68257e-05 , -3.68257e-05 -1.36501e-05 
_ZN8SEALTest23EncryptorTest_t117_Test8TestBodyEv _ZNK7testing15nionResultcvbEv, , 1 
_ZN8SEALTest23EncryptorTest_t117_Test8TestBodyEv _ZN7testing15nionResultD2Ev, , 1 
_ZN8SEALTest23EncryptorTest_t117_Test8TestBodyEv _ZN9__gnu_cxx17__normal_iteratorIPSt7complexIdESt6vectorIS2_SaIS2_EEEppEv, 0 5.58294e-322 , 0 5.58294e-322 
_ZN9__gnu_cxxneIPSt7complexIdESt6vectorIS2_SaIS2_EEEEbRKNS_17__normal_iteratorIT_T0_EESC_ _ZNK9__gnu_cxx17__normal_iteratorIPSt7complexIdESt6vectorIS2_SaIS2_EEE4baseEv, 0 5.58294e-322 , 0 5.58294e-322 
_ZN9__gnu_cxxneIPSt7complexIdESt6vectorIS2_SaIS2_EEEEbRKNS_17__normal_iteratorIT_T0_EESC_ _ZNK9__gnu_cxx17__normal_iteratorIPSt7complexIdESt6vectorIS2_SaIS2_EEE4baseEv, 0 5.58294e-322 , 0 5.58294e-322 
_ZN8SEALTest23EncryptorTest_t117_Test8TestBodyEv _ZN9__gnu_cxxneIPSt7complexIdESt6vectorIS2_SaIS2_EEEEbRKNS_17__normal_iteratorIT_T0_EESC_, , 0 5.58294e-322 0 5.58294e-322 
_ZN8SEALTest23EncryptorTest_t117_Test8TestBodyEv _ZNSt6vectorISt7complexIdESaIS1_EED2Ev, , 0 4.09474e-316 0 5.58294e-322 0 5.58294e-322 
_ZN8SEALTest23EncryptorTest_t117_Test8TestBodyEv _ZN4seal9PlaintextD2Ev, , 13720581756057116705 4195496591973512050 16063114716891232052 627530588283195705 128 1.04858e+06 31 1 0 0 0 23 249 4 0 0 0 0 
_ZN8SEALTest23EncryptorTest_t117_Test8TestBodyEv _ZN4seal10CiphertextD2Ev, , 13720581756057116705 4195496591973512050 16063114716891232052 627530588283195705 1 2 64 2 1.04858e+06 30 1 0 0 0 0 0 0 0 0 0 0 
_ZN8SEALTest23EncryptorTest_t117_Test8TestBodyEv _ZN4seal11CKKSEncoderD2Ev, , 29 1 29 1 8431929000011472058 1941298099201550957 242860148709063793 7140277196230365697 13720581756057116705 4195496591973512050 16063114716891232052 627530588283195705 14080344691695950549 4143418445629757926 12304176048021781671 17867230157865811708 5 3 1 5 0 1 0 0 0 4 1 32 0 92 247 4 0 0 0 0 0 128 247 4 0 0 0 0 0 193 247 4 0 0 0 0 
_ZN8SEALTest23EncryptorTest_t117_Test8TestBodyEv _ZN4seal9DecryptorD2Ev, , 82878480 0 29 1 8431929000011472058 1941298099201550957 242860148709063793 7140277196230365697 13720581756057116705 4195496591973512050 16063114716891232052 627530588283195705 14080344691695950549 4143418445629757926 12304176048021781671 17867230157865811708 5 3 1 5 0 1 0 0 0 3 1 1 0 102 156 4 0 0 0 0 0 0 0 0 0 0 0 0 0 0 0 0 0 0 0 0 0 0 
_ZN8SEALTest23EncryptorTest_t117_Test8TestBodyEv _ZN4seal9EncryptorD2Ev, , 82878480 0 28 1 8431929000011472058 1941298099201550957 242860148709063793 7140277196230365697 13720581756057116705 4195496591973512050 16063114716891232052 627530588283195705 14080344691695950549 4143418445629757926 12304176048021781671 17867230157865811708 5 3 1 5 0 1 0 0 0 2 1 8431929000011472058 1941298099201550957 242860148709063793 7140277196230365697 1 2 64 3 1 28 1 0 0 0 0 0 0 0 0 0 0 8431929000011472058 1941298099201550957 242860148709063793 7140277196230365697 192 1 82878480 0 0 0 0 0 0 0 0 0 0 0 
_ZN8SEALTest23EncryptorTest_t117_Test8TestBodyEv _ZN4seal12KeyGeneratorD2Ev, , 0 0 27 1 8431929000011472058 1941298099201550957 242860148709063793 7140277196230365697 13720581756057116705 4195496591973512050 16063114716891232052 627530588283195705 14080344691695950549 4143418445629757926 12304176048021781671 17867230157865811708 5 3 1 5 0 1 0 0 0 1 1 8431929000011472058 1941298099201550957 242860148709063793 7140277196230365697 1 2 64 3 1 27 1 0 0 0 0 0 0 0 0 0 0 8431929000011472058 1941298099201550957 242860148709063793 7140277196230365697 192 1 0 0 0 0 0 0 0 0 0 0 0 0 1 0 0 0 0 0 0 0 0 0 0 0 0 0 0 0 0 0 0 0 0 0 0 0 0 0 0 1 1 0 0 0 0 0 0 
_ZN8SEALTest23EncryptorTest_t117_Test8TestBodyEv _ZNSt10shared_ptrIN4seal11SEALContextEED2Ev, , 0 7 8431929000011472058 1941298099201550957 242860148709063793 7140277196230365697 13720581756057116705 4195496591973512050 16063114716891232052 627530588283195705 14080344691695950549 4143418445629757926 12304176048021781671 17867230157865811708 5 0 1 5 0 1 0 0 0 0 0 
_ZN8SEALTest23EncryptorTest_t117_Test8TestBodyEv _ZN4seal20EncryptionParametersD2Ev, , 1 1 2 64 83836464 82878480 16777216 814996446912 1 40 1 0 0 0 0 161 84083792 84084560 84090592 84090928 0 0 0 0 0 161 84083792 84084560 84090592 84090928 0 0 0 0 0 0 0 0 1 0 0 127 2 0 8431929000011472058 1941298099201550957 242860148709063793 7140277196230365697 
_ZN8SEALTest23EncryptorTest_t117_TestD0Ev _ZN8SEALTest23EncryptorTest_t117_TestD2Ev, , 
main ret, 0 , 
