Trace Function
_ZN4seal4util29divide_uint192_uint64_inplaceEPmmS1_ _ZN4seal4util8add_safeIivEET_S2_S2_, 192 , 129 63 
_ZN4seal4util29divide_uint192_uint64_inplaceEPmmS1_ _Znwm, 96 4294967213 49 5 , 24 
_ZN4seal4util29divide_uint192_uint64_inplaceEPmmS1_ _Znwm, 16 4294967201 49 5 , 24 
_ZN4seal4util29divide_uint192_uint64_inplaceEPmmS1_ _ZdlPv, , 16 4294967201 49 5 
_ZN4seal4util29divide_uint192_uint64_inplaceEPmmS1_ _ZdlPv, , 96 4294967213 49 5 
_ZN4seal4util29divide_uint192_uint64_inplaceEPmmS1_ _ZN4seal4util8add_safeIivEET_S2_S2_, 192 , 129 63 
_ZN4seal4util29divide_uint192_uint64_inplaceEPmmS1_ _Znwm, 64 4294967220 49 5 , 24 
_ZN4seal4util29divide_uint192_uint64_inplaceEPmmS1_ _Znwm, 16 4294967213 49 5 , 24 
_ZN4seal4util29divide_uint192_uint64_inplaceEPmmS1_ _ZdlPv, , 16 4294967213 49 5 
_ZN8SEALTest23EncryptorTest_t139_Test8TestBodyEv _ZNKSt7complexIdE4realB5cxx11Ev, 1.00001 , 1.00001 -2.46472e-05 
_ZN8SEALTest23EncryptorTest_t139_Test8TestBodyEv _ZSt3absd, 1.46911e-05 , -1.46911e-05 
_ZN8SEALTest23EncryptorTest_t139_Test8TestBodyEv _ZN7testing15nionResultC2IbEERKT_PNS_8internal8EnableIfIXntsr3std14is_convertibleIS2_S0_EE5valueEE4typeE, , 1 36 4294967212 4 
_ZN8SEALTest23EncryptorTest_t139_Test8TestBodyEv _ZNK7testing15nionResultcvbEv, , 1 
_ZN8SEALTest23EncryptorTest_t139_Test8TestBodyEv _ZN7testing15nionResultD2Ev, , 1 
_ZN8SEALTest23EncryptorTest_t139_Test8TestBodyEv _ZNSt6vectorISt7complexIdESaIS1_EEixEm, 1 0 , 1 0 0 5.58294e-322 0 5.58294e-322 28 
_ZN8SEALTest23EncryptorTest_t139_Test8TestBodyEv _ZNKSt7complexIdE4realB5cxx11Ev, 1 , 1 0 
_ZN8SEALTest23EncryptorTest_t139_Test8TestBodyEv _ZNSt6vectorISt7complexIdESaIS1_EEixEm, 0.999973 -4.9704e-06 , 1.00005 -3.64128e-05 0 5.58294e-322 0 5.58294e-322 28 
_ZN8SEALTest23EncryptorTest_t139_Test8TestBodyEv _ZNKSt7complexIdE4realB5cxx11Ev, 0.999973 , 0.999973 -4.9704e-06 
_ZN8SEALTest23EncryptorTest_t139_Test8TestBodyEv _ZSt3absd, 2.69214e-05 , 2.69214e-05 
_ZN8SEALTest23EncryptorTest_t139_Test8TestBodyEv _ZN7testing15nionResultC2IbEERKT_PNS_8internal8EnableIfIXntsr3std14is_convertibleIS2_S0_EE5valueEE4typeE, , 1 36 4294967212 4 
_ZN8SEALTest23EncryptorTest_t139_Test8TestBodyEv _ZNK7testing15nionResultcvbEv, , 1 
_ZN8SEALTest23EncryptorTest_t139_Test8TestBodyEv _ZN7testing15nionResultD2Ev, , 1 
_ZN8SEALTest23EncryptorTest_t139_Test8TestBodyEv _ZNSt6vectorISt7complexIdESaIS1_EEixEm, 1 0 , 1 0 0 5.58294e-322 0 5.58294e-322 29 
_ZN8SEALTest23EncryptorTest_t139_Test8TestBodyEv _ZNKSt7complexIdE4realB5cxx11Ev, 1 , 1 0 
_ZN8SEALTest23EncryptorTest_t139_Test8TestBodyEv _ZNSt6vectorISt7complexIdESaIS1_EEixEm, 1.00003 -7.18465e-05 , 1.00005 -3.64128e-05 0 5.58294e-322 0 5.58294e-322 29 
_ZN8SEALTest23EncryptorTest_t139_Test8TestBodyEv _ZNKSt7complexIdE4realB5cxx11Ev, 1.00003 , 1.00003 -7.18465e-05 
_ZN8SEALTest23EncryptorTest_t139_Test8TestBodyEv _ZSt3absd, 3.30469e-05 , -3.30469e-05 
_ZN8SEALTest23EncryptorTest_t139_Test8TestBodyEv _ZN7testing15nionResultC2IbEERKT_PNS_8internal8EnableIfIXntsr3std14is_convertibleIS2_S0_EE5valueEE4typeE, , 1 36 4294967212 4 
_ZN8SEALTest23EncryptorTest_t139_Test8TestBodyEv _ZNK7testing15nionResultcvbEv, , 1 
_ZN8SEALTest23EncryptorTest_t139_Test8TestBodyEv _ZN7testing15nionResultD2Ev, , 1 
_ZN8SEALTest23EncryptorTest_t139_Test8TestBodyEv _ZNSt6vectorISt7complexIdESaIS1_EEixEm, 1 0 , 1 0 0 5.58294e-322 0 5.58294e-322 30 
_ZN8SEALTest23EncryptorTest_t139_Test8TestBodyEv _ZNKSt7complexIdE4realB5cxx11Ev, 1 , 1 0 
_ZN8SEALTest23EncryptorTest_t139_Test8TestBodyEv _ZNSt6vectorISt7complexIdESaIS1_EEixEm, 0.999988 5.37639e-05 , 1.00005 -3.64128e-05 0 5.58294e-322 0 5.58294e-322 30 
_ZN8SEALTest23EncryptorTest_t139_Test8TestBodyEv _ZNKSt7complexIdE4realB5cxx11Ev, 0.999988 , 0.999988 5.37639e-05 
_ZN8SEALTest23EncryptorTest_t139_Test8TestBodyEv _ZSt3absd, 1.15033e-05 , 1.15033e-05 
_ZN8SEALTest23EncryptorTest_t139_Test8TestBodyEv _ZN7testing15nionResultC2IbEERKT_PNS_8internal8EnableIfIXntsr3std14is_convertibleIS2_S0_EE5valueEE4typeE, , 1 36 4294967212 4 
_ZN8SEALTest23EncryptorTest_t139_Test8TestBodyEv _ZNK7testing15nionResultcvbEv, , 1 
_ZN8SEALTest23EncryptorTest_t139_Test8TestBodyEv _ZN7testing15nionResultD2Ev, , 1 
_ZN8SEALTest23EncryptorTest_t139_Test8TestBodyEv _ZNSt6vectorISt7complexIdESaIS1_EEixEm, 1 0 , 1 0 0 5.58294e-322 0 5.58294e-322 31 
_ZN8SEALTest23EncryptorTest_t139_Test8TestBodyEv _ZNKSt7complexIdE4realB5cxx11Ev, 1 , 1 0 
_ZN8SEALTest23EncryptorTest_t139_Test8TestBodyEv _ZNSt6vectorISt7complexIdESaIS1_EEixEm, 0.999968 -3.98423e-05 , 1.00005 -3.64128e-05 0 5.58294e-322 0 5.58294e-322 31 
_ZN8SEALTest23EncryptorTest_t139_Test8TestBodyEv _ZNKSt7complexIdE4realB5cxx11Ev, 0.999968 , 0.999968 -3.98423e-05 
_ZN8SEALTest23EncryptorTest_t139_Test8TestBodyEv _ZSt3absd, 3.2005e-05 , 3.2005e-05 
_ZN8SEALTest23EncryptorTest_t139_Test8TestBodyEv _ZN7testing15nionResultC2IbEERKT_PNS_8internal8EnableIfIXntsr3std14is_convertibleIS2_S0_EE5valueEE4typeE, , 1 36 4294967212 4 
_ZN8SEALTest23EncryptorTest_t139_Test8TestBodyEv _ZNK7testing15nionResultcvbEv, , 1 
_ZN8SEALTest23EncryptorTest_t139_Test8TestBodyEv _ZN7testing15nionResultD2Ev, , 1 
_ZN8SEALTest23EncryptorTest_t139_Test8TestBodyEv _ZNSt6vectorISt7complexIdESaIS1_EED2Ev, , 0 4.28396e-316 0 5.58294e-322 0 5.58294e-322 
_ZN8SEALTest23EncryptorTest_t139_Test8TestBodyEv _ZNSt6vectorISt7complexIdESaIS1_EED2Ev, , 4.34479e-316 4.28396e-316 0 5.58294e-322 0 5.58294e-322 
_ZN8SEALTest23EncryptorTest_t139_Test8TestBodyEv _ZN4seal9PlaintextD2Ev, , 12843679414704506939 10427507420252886261 11443800852292249434 14164320514007188355 192 65536 44 1 0 0 0 0 216 112 246 99 77 30 
_ZN8SEALTest23EncryptorTest_t139_Test8TestBodyEv _ZN4seal9PlaintextD2Ev, , 12843679414704506939 10427507420252886261 11443800852292249434 14164320514007188355 192 65536 43 1 0 0 0 255 255 110 5 0 0 0 
_ZN8SEALTest23EncryptorTest_t139_Test8TestBodyEv _ZN4seal10CiphertextD2Ev, , 12843679414704506939 10427507420252886261 11443800852292249434 14164320514007188355 1 2 64 3 65536 42 1 0 0 0 0 0 0 1 0 0 0 
_ZN8SEALTest23EncryptorTest_t139_Test8TestBodyEv _ZN4seal9DecryptorD2Ev, , 86708240 0 42 1 14102763463539450252 426483856878028733 8507827172028373804 17331008153497417233 12843679414704506939 10427507420252886261 11443800852292249434 14164320514007188355 13190182776415242318 217801828975301078 6836932630682592590 18251910004772806115 5 4 1 5 0 1 0 0 0 4 1 1 0 0 0 0 0 0 0 0 0 0 0 0 0 0 0 0 0 0 0 0 0 0 0 0 0 0 
_ZN8SEALTest23EncryptorTest_t139_Test8TestBodyEv _ZN4seal9EncryptorD2Ev, , 86708240 0 41 1 14102763463539450252 426483856878028733 8507827172028373804 17331008153497417233 12843679414704506939 10427507420252886261 11443800852292249434 14164320514007188355 13190182776415242318 217801828975301078 6836932630682592590 18251910004772806115 5 4 1 5 0 1 0 0 0 3 1 14102763463539450252 426483856878028733 8507827172028373804 17331008153497417233 1 2 64 4 1 41 1 0 0 0 0 40 123 248 143 109 25 0 0 0 0 0 1 86708240 0 0 0 0 0 0 0 1 0 0 0 
_ZN8SEALTest23EncryptorTest_t139_Test8TestBodyEv _ZN4seal11CKKSEncoderD2Ev, , 40 1 40 1 14102763463539450252 426483856878028733 8507827172028373804 17331008153497417233 12843679414704506939 10427507420252886261 11443800852292249434 14164320514007188355 13190182776415242318 217801828975301078 6836932630682592590 18251910004772806115 5 4 1 5 0 1 0 0 0 2 1 32 0 0 48 233 255 255 255 31 0 0 0 0 0 0 0 0 0 0 0 0 0 0 0 0 
_ZN8SEALTest23EncryptorTest_t139_Test8TestBodyEv _ZN4seal12KeyGeneratorD2Ev, , 86708240 0 39 1 14102763463539450252 426483856878028733 8507827172028373804 17331008153497417233 12843679414704506939 10427507420252886261 11443800852292249434 14164320514007188355 13190182776415242318 217801828975301078 6836932630682592590 18251910004772806115 5 4 1 5 0 1 0 0 0 1 1 14102763463539450252 426483856878028733 8507827172028373804 17331008153497417233 1 2 64 4 1 39 1 0 0 0 0 0 0 0 0 0 0 14102763463539450252 426483856878028733 8507827172028373804 17331008153497417233 256 1 86708240 0 0 0 0 0 0 0 119 0 0 0 1 0 107 94 225 253 127 0 0 0 0 0 0 0 0 0 0 0 0 0 0 0 0 0 0 0 0 1 1 0 0 0 0 0 0 
_ZN8SEALTest23EncryptorTest_t139_Test8TestBodyEv _ZNSt10shared_ptrIN4seal11SEALContextEED2Ev, , 0 5 14102763463539450252 426483856878028733 8507827172028373804 17331008153497417233 12843679414704506939 10427507420252886261 11443800852292249434 14164320514007188355 13190182776415242318 217801828975301078 6836932630682592590 18251910004772806115 5 0 1 5 0 1 0 0 0 0 0 
_ZN8SEALTest23EncryptorTest_t139_Test8TestBodyEv _ZN4seal20EncryptionParametersD2Ev, , 1 1 2 64 87685680 86708240 16777216 359660194444 1 40 1 0 0 0 0 209 87723904 86708240 16777216 3177908876 83 0 0 0 0 209 87723904 86708240 16777216 3177908876 83 0 0 0 0 0 0 0 1 0 0 255 255 31 14102763463539450252 426483856878028733 8507827172028373804 17331008153497417233 
_ZN8SEALTest23EncryptorTest_t139_TestD0Ev _ZN8SEALTest23EncryptorTest_t139_TestD2Ev, , 
main ret, 0 , 
