Trace Function
_ZN4seal4util29divide_uint192_uint64_inplaceEPmmS1_ _ZN4seal4util8add_safeIivEET_S2_S2_, 192 , 129 63 
_ZN4seal4util29divide_uint192_uint64_inplaceEPmmS1_ _Znwm, 96 4294967245 4294967286 4 , 24 
_ZN4seal4util29divide_uint192_uint64_inplaceEPmmS1_ _Znwm, 16 4294967233 4294967286 4 , 24 
_ZN4seal4util29divide_uint192_uint64_inplaceEPmmS1_ _ZdlPv, , 16 4294967233 4294967286 4 
_ZN4seal4util29divide_uint192_uint64_inplaceEPmmS1_ _ZdlPv, , 96 4294967245 4294967286 4 
_ZN4seal4util29divide_uint192_uint64_inplaceEPmmS1_ _ZN4seal4util8add_safeIivEET_S2_S2_, 192 , 129 63 
_ZN4seal4util29divide_uint192_uint64_inplaceEPmmS1_ _Znwm, 64 4294967252 4294967286 4 , 24 
_ZN4seal4util29divide_uint192_uint64_inplaceEPmmS1_ _Znwm, 16 4294967245 4294967286 4 , 24 
_ZN4seal4util29divide_uint192_uint64_inplaceEPmmS1_ _ZdlPv, , 16 4294967245 4294967286 4 
_ZN8SEALTest23EncryptorTest_t105_Test8TestBodyEv _ZNKSt7complexIdE4realB5cxx11Ev, 9.95093e-07 , 9.95093e-07 -4.25442e-06 
_ZN8SEALTest23EncryptorTest_t105_Test8TestBodyEv _ZNK7testing15nionResultcvbEv, , 1 
_ZN8SEALTest23EncryptorTest_t105_Test8TestBodyEv _ZN7testing15nionResultD2Ev, , 1 
_ZN8SEALTest23EncryptorTest_t105_Test8TestBodyEv _ZN9__gnu_cxx17__normal_iteratorIPSt7complexIdESt6vectorIS2_SaIS2_EEEppEv, 2.08592e-05 1.95185e-05 , 2.08592e-05 1.95185e-05 
_ZN9__gnu_cxxneIPSt7complexIdESt6vectorIS2_SaIS2_EEEEbRKNS_17__normal_iteratorIT_T0_EESC_ _ZNK9__gnu_cxx17__normal_iteratorIPSt7complexIdESt6vectorIS2_SaIS2_EEE4baseEv, 2.08592e-05 1.95185e-05 , 2.08592e-05 1.95185e-05 
_ZN9__gnu_cxxneIPSt7complexIdESt6vectorIS2_SaIS2_EEEEbRKNS_17__normal_iteratorIT_T0_EESC_ _ZNK9__gnu_cxx17__normal_iteratorIPSt7complexIdESt6vectorIS2_SaIS2_EEE4baseEv, 0 5.58294e-322 , 0 5.58294e-322 
_ZN8SEALTest23EncryptorTest_t105_Test8TestBodyEv _ZN9__gnu_cxxneIPSt7complexIdESt6vectorIS2_SaIS2_EEEEbRKNS_17__normal_iteratorIT_T0_EESC_, , 2.08592e-05 1.95185e-05 0 5.58294e-322 
_ZN8SEALTest23EncryptorTest_t105_Test8TestBodyEv _ZNK9__gnu_cxx17__normal_iteratorIPSt7complexIdESt6vectorIS2_SaIS2_EEEdeEv, 2.08592e-05 1.95185e-05 , 2.08592e-05 1.95185e-05 
_ZN8SEALTest23EncryptorTest_t105_Test8TestBodyEv _ZNKSt7complexIdE4realB5cxx11Ev, 2.08592e-05 , 2.08592e-05 1.95185e-05 
_ZN8SEALTest23EncryptorTest_t105_Test8TestBodyEv _ZNK7testing15nionResultcvbEv, , 1 
_ZN8SEALTest23EncryptorTest_t105_Test8TestBodyEv _ZN7testing15nionResultD2Ev, , 1 
_ZN8SEALTest23EncryptorTest_t105_Test8TestBodyEv _ZN9__gnu_cxx17__normal_iteratorIPSt7complexIdESt6vectorIS2_SaIS2_EEEppEv, 1.23753e-06 2.44203e-05 , 1.23753e-06 2.44203e-05 
_ZN9__gnu_cxxneIPSt7complexIdESt6vectorIS2_SaIS2_EEEEbRKNS_17__normal_iteratorIT_T0_EESC_ _ZNK9__gnu_cxx17__normal_iteratorIPSt7complexIdESt6vectorIS2_SaIS2_EEE4baseEv, 1.23753e-06 2.44203e-05 , 1.23753e-06 2.44203e-05 
_ZN9__gnu_cxxneIPSt7complexIdESt6vectorIS2_SaIS2_EEEEbRKNS_17__normal_iteratorIT_T0_EESC_ _ZNK9__gnu_cxx17__normal_iteratorIPSt7complexIdESt6vectorIS2_SaIS2_EEE4baseEv, 0 5.58294e-322 , 0 5.58294e-322 
_ZN8SEALTest23EncryptorTest_t105_Test8TestBodyEv _ZN9__gnu_cxxneIPSt7complexIdESt6vectorIS2_SaIS2_EEEEbRKNS_17__normal_iteratorIT_T0_EESC_, , 1.23753e-06 2.44203e-05 0 5.58294e-322 
_ZN8SEALTest23EncryptorTest_t105_Test8TestBodyEv _ZNK9__gnu_cxx17__normal_iteratorIPSt7complexIdESt6vectorIS2_SaIS2_EEEdeEv, 1.23753e-06 2.44203e-05 , 1.23753e-06 2.44203e-05 
_ZN8SEALTest23EncryptorTest_t105_Test8TestBodyEv _ZNKSt7complexIdE4realB5cxx11Ev, 1.23753e-06 , 1.23753e-06 2.44203e-05 
_ZN8SEALTest23EncryptorTest_t105_Test8TestBodyEv _ZNK7testing15nionResultcvbEv, , 1 
_ZN8SEALTest23EncryptorTest_t105_Test8TestBodyEv _ZN7testing15nionResultD2Ev, , 1 
_ZN8SEALTest23EncryptorTest_t105_Test8TestBodyEv _ZN9__gnu_cxx17__normal_iteratorIPSt7complexIdESt6vectorIS2_SaIS2_EEEppEv, 3.19502e-07 -1.64719e-05 , 3.19502e-07 -1.64719e-05 
_ZN9__gnu_cxxneIPSt7complexIdESt6vectorIS2_SaIS2_EEEEbRKNS_17__normal_iteratorIT_T0_EESC_ _ZNK9__gnu_cxx17__normal_iteratorIPSt7complexIdESt6vectorIS2_SaIS2_EEE4baseEv, 3.19502e-07 -1.64719e-05 , 3.19502e-07 -1.64719e-05 
_ZN9__gnu_cxxneIPSt7complexIdESt6vectorIS2_SaIS2_EEEEbRKNS_17__normal_iteratorIT_T0_EESC_ _ZNK9__gnu_cxx17__normal_iteratorIPSt7complexIdESt6vectorIS2_SaIS2_EEE4baseEv, 0 5.58294e-322 , 0 5.58294e-322 
_ZN8SEALTest23EncryptorTest_t105_Test8TestBodyEv _ZN9__gnu_cxxneIPSt7complexIdESt6vectorIS2_SaIS2_EEEEbRKNS_17__normal_iteratorIT_T0_EESC_, , 3.19502e-07 -1.64719e-05 0 5.58294e-322 
_ZN8SEALTest23EncryptorTest_t105_Test8TestBodyEv _ZNK9__gnu_cxx17__normal_iteratorIPSt7complexIdESt6vectorIS2_SaIS2_EEEdeEv, 3.19502e-07 -1.64719e-05 , 3.19502e-07 -1.64719e-05 
_ZN8SEALTest23EncryptorTest_t105_Test8TestBodyEv _ZNKSt7complexIdE4realB5cxx11Ev, 3.19502e-07 , 3.19502e-07 -1.64719e-05 
_ZN8SEALTest23EncryptorTest_t105_Test8TestBodyEv _ZNK7testing15nionResultcvbEv, , 1 
_ZN8SEALTest23EncryptorTest_t105_Test8TestBodyEv _ZN7testing15nionResultD2Ev, , 1 
_ZN8SEALTest23EncryptorTest_t105_Test8TestBodyEv _ZN9__gnu_cxx17__normal_iteratorIPSt7complexIdESt6vectorIS2_SaIS2_EEEppEv, -1.2142e-06 -5.31178e-06 , -1.2142e-06 -5.31178e-06 
_ZN9__gnu_cxxneIPSt7complexIdESt6vectorIS2_SaIS2_EEEEbRKNS_17__normal_iteratorIT_T0_EESC_ _ZNK9__gnu_cxx17__normal_iteratorIPSt7complexIdESt6vectorIS2_SaIS2_EEE4baseEv, -1.2142e-06 -5.31178e-06 , -1.2142e-06 -5.31178e-06 
_ZN9__gnu_cxxneIPSt7complexIdESt6vectorIS2_SaIS2_EEEEbRKNS_17__normal_iteratorIT_T0_EESC_ _ZNK9__gnu_cxx17__normal_iteratorIPSt7complexIdESt6vectorIS2_SaIS2_EEE4baseEv, 0 5.58294e-322 , 0 5.58294e-322 
_ZN8SEALTest23EncryptorTest_t105_Test8TestBodyEv _ZN9__gnu_cxxneIPSt7complexIdESt6vectorIS2_SaIS2_EEEEbRKNS_17__normal_iteratorIT_T0_EESC_, , -1.2142e-06 -5.31178e-06 0 5.58294e-322 
_ZN8SEALTest23EncryptorTest_t105_Test8TestBodyEv _ZNK9__gnu_cxx17__normal_iteratorIPSt7complexIdESt6vectorIS2_SaIS2_EEEdeEv, -1.2142e-06 -5.31178e-06 , -1.2142e-06 -5.31178e-06 
_ZN8SEALTest23EncryptorTest_t105_Test8TestBodyEv _ZNKSt7complexIdE4realB5cxx11Ev, -1.2142e-06 , -1.2142e-06 -5.31178e-06 
_ZN8SEALTest23EncryptorTest_t105_Test8TestBodyEv _ZNK7testing15nionResultcvbEv, , 1 
_ZN8SEALTest23EncryptorTest_t105_Test8TestBodyEv _ZN7testing15nionResultD2Ev, , 1 
_ZN8SEALTest23EncryptorTest_t105_Test8TestBodyEv _ZN9__gnu_cxx17__normal_iteratorIPSt7complexIdESt6vectorIS2_SaIS2_EEEppEv, 0 5.58294e-322 , 0 5.58294e-322 
_ZN9__gnu_cxxneIPSt7complexIdESt6vectorIS2_SaIS2_EEEEbRKNS_17__normal_iteratorIT_T0_EESC_ _ZNK9__gnu_cxx17__normal_iteratorIPSt7complexIdESt6vectorIS2_SaIS2_EEE4baseEv, 0 5.58294e-322 , 0 5.58294e-322 
_ZN9__gnu_cxxneIPSt7complexIdESt6vectorIS2_SaIS2_EEEEbRKNS_17__normal_iteratorIT_T0_EESC_ _ZNK9__gnu_cxx17__normal_iteratorIPSt7complexIdESt6vectorIS2_SaIS2_EEE4baseEv, 0 5.58294e-322 , 0 5.58294e-322 
_ZN8SEALTest23EncryptorTest_t105_Test8TestBodyEv _ZN9__gnu_cxxneIPSt7complexIdESt6vectorIS2_SaIS2_EEEEbRKNS_17__normal_iteratorIT_T0_EESC_, , 0 5.58294e-322 0 5.58294e-322 
_ZN8SEALTest23EncryptorTest_t105_Test8TestBodyEv _ZNSt6vectorISt7complexIdESaIS1_EED2Ev, , 0 4.09332e-316 0 5.58294e-322 0 5.58294e-322 
_ZN8SEALTest23EncryptorTest_t105_Test8TestBodyEv _ZN4seal9PlaintextD2Ev, , 13720581756057116705 4195496591973512050 16063114716891232052 627530588283195705 128 1.04858e+06 31 1 0 0 0 167 248 4 0 0 0 0 
_ZN8SEALTest23EncryptorTest_t105_Test8TestBodyEv _ZN4seal10CiphertextD2Ev, , 13720581756057116705 4195496591973512050 16063114716891232052 627530588283195705 1 2 64 2 1.04858e+06 30 1 0 0 0 0 0 0 0 0 0 0 
_ZN8SEALTest23EncryptorTest_t105_Test8TestBodyEv _ZN4seal11CKKSEncoderD2Ev, , 29 1 29 1 8431929000011472058 1941298099201550957 242860148709063793 7140277196230365697 13720581756057116705 4195496591973512050 16063114716891232052 627530588283195705 14080344691695950549 4143418445629757926 12304176048021781671 17867230157865811708 5 3 1 5 0 1 0 0 0 4 1 32 0 236 246 4 0 0 0 0 0 16 247 4 0 0 0 0 0 81 247 4 0 0 0 0 
_ZN8SEALTest23EncryptorTest_t105_Test8TestBodyEv _ZN4seal9DecryptorD2Ev, , 82849808 0 29 1 8431929000011472058 1941298099201550957 242860148709063793 7140277196230365697 13720581756057116705 4195496591973512050 16063114716891232052 627530588283195705 14080344691695950549 4143418445629757926 12304176048021781671 17867230157865811708 5 3 1 5 0 1 0 0 0 3 1 1 0 102 156 4 0 0 0 0 0 0 0 0 0 0 0 0 0 0 0 0 0 0 0 0 0 0 
_ZN8SEALTest23EncryptorTest_t105_Test8TestBodyEv _ZN4seal9EncryptorD2Ev, , 82849808 0 28 1 8431929000011472058 1941298099201550957 242860148709063793 7140277196230365697 13720581756057116705 4195496591973512050 16063114716891232052 627530588283195705 14080344691695950549 4143418445629757926 12304176048021781671 17867230157865811708 5 3 1 5 0 1 0 0 0 2 1 8431929000011472058 1941298099201550957 242860148709063793 7140277196230365697 1 2 64 3 1 28 1 0 0 0 0 0 0 0 0 0 0 8431929000011472058 1941298099201550957 242860148709063793 7140277196230365697 192 1 82849808 0 0 0 0 0 0 0 0 0 0 0 
_ZN8SEALTest23EncryptorTest_t105_Test8TestBodyEv _ZN4seal12KeyGeneratorD2Ev, , 82849808 0 27 1 8431929000011472058 1941298099201550957 242860148709063793 7140277196230365697 13720581756057116705 4195496591973512050 16063114716891232052 627530588283195705 14080344691695950549 4143418445629757926 12304176048021781671 17867230157865811708 5 3 1 5 0 1 0 0 0 1 1 8431929000011472058 1941298099201550957 242860148709063793 7140277196230365697 1 2 64 3 1 27 1 0 0 0 0 0 0 0 0 0 0 8431929000011472058 1941298099201550957 242860148709063793 7140277196230365697 192 1 82849808 0 0 0 0 0 0 0 0 0 0 0 1 0 0 0 0 0 0 0 0 0 0 0 0 0 0 0 0 0 0 0 0 0 0 0 0 0 0 1 1 0 0 0 0 0 0 
_ZN8SEALTest23EncryptorTest_t105_Test8TestBodyEv _ZNSt10shared_ptrIN4seal11SEALContextEED2Ev, , 0 7 8431929000011472058 1941298099201550957 242860148709063793 7140277196230365697 13720581756057116705 4195496591973512050 16063114716891232052 627530588283195705 14080344691695950549 4143418445629757926 12304176048021781671 17867230157865811708 5 0 1 5 0 1 0 0 0 0 0 
_ZN8SEALTest23EncryptorTest_t105_Test8TestBodyEv _ZN4seal20EncryptionParametersD2Ev, , 1 1 2 64 83807792 82849808 16777216 814996446912 1 40 1 0 0 0 0 161 84055120 84055888 84061920 84062256 0 0 0 0 0 161 84055120 84055888 84061920 84062256 0 0 0 0 0 0 0 0 1 0 0 127 2 0 8431929000011472058 1941298099201550957 242860148709063793 7140277196230365697 
_ZN8SEALTest23EncryptorTest_t105_TestD0Ev _ZN8SEALTest23EncryptorTest_t105_TestD2Ev, , 
main ret, 0 , 
