Trace Function
_ZN4seal4util29divide_uint192_uint64_inplaceEPmmS1_ _ZN4seal4util8add_safeIivEET_S2_S2_, 192 , 129 63 
_ZN4seal4util29divide_uint192_uint64_inplaceEPmmS1_ _Znwm, 96 4294967181 1 5 , 24 
_ZN4seal4util29divide_uint192_uint64_inplaceEPmmS1_ _Znwm, 16 4294967169 1 5 , 24 
_ZN4seal4util29divide_uint192_uint64_inplaceEPmmS1_ _ZdlPv, , 16 4294967169 1 5 
_ZN4seal4util29divide_uint192_uint64_inplaceEPmmS1_ _ZdlPv, , 96 4294967181 1 5 
_ZN4seal4util29divide_uint192_uint64_inplaceEPmmS1_ _ZN4seal4util8add_safeIivEET_S2_S2_, 192 , 129 63 
_ZN4seal4util29divide_uint192_uint64_inplaceEPmmS1_ _Znwm, 64 4294967188 1 5 , 24 
_ZN4seal4util29divide_uint192_uint64_inplaceEPmmS1_ _Znwm, 16 4294967181 1 5 , 24 
_ZN4seal4util29divide_uint192_uint64_inplaceEPmmS1_ _ZdlPv, , 16 4294967181 1 5 
_ZN8SEALTest23EncryptorTest_t143_Test8TestBodyEv _ZNKSt7complexIdE4realB5cxx11Ev, 3.69716e+08 , 3.69716e+08 -2.23517e-08 
_ZN8SEALTest23EncryptorTest_t143_Test8TestBodyEv _ZSt3absd, 5.96046e-08 , -5.96046e-08 
_ZN8SEALTest23EncryptorTest_t143_Test8TestBodyEv _ZN7testing15nionResultC2IbEERKT_PNS_8internal8EnableIfIXntsr3std14is_convertibleIS2_S0_EE5valueEE4typeE, , 1 36 4294967212 4 
_ZN8SEALTest23EncryptorTest_t143_Test8TestBodyEv _ZNK7testing15nionResultcvbEv, , 1 
_ZN8SEALTest23EncryptorTest_t143_Test8TestBodyEv _ZN7testing15nionResultD2Ev, , 1 
_ZN8SEALTest23EncryptorTest_t143_Test8TestBodyEv _ZNSt6vectorISt7complexIdESaIS1_EEixEm, -8.94592e+08 0 , -1.01588e+09 0 0 5.58294e-322 0 5.58294e-322 60 
_ZN8SEALTest23EncryptorTest_t143_Test8TestBodyEv _ZNKSt7complexIdE4realB5cxx11Ev, -8.94592e+08 , -8.94592e+08 0 
_ZN8SEALTest23EncryptorTest_t143_Test8TestBodyEv _ZNSt6vectorISt7complexIdESaIS1_EEixEm, -8.94592e+08 -1.3411e-07 , -1.01588e+09 -7.72998e-08 0 5.58294e-322 0 5.58294e-322 60 
_ZN8SEALTest23EncryptorTest_t143_Test8TestBodyEv _ZNKSt7complexIdE4realB5cxx11Ev, -8.94592e+08 , -8.94592e+08 -1.3411e-07 
_ZN8SEALTest23EncryptorTest_t143_Test8TestBodyEv _ZSt3absd, 1.19209e-07 , -1.19209e-07 
_ZN8SEALTest23EncryptorTest_t143_Test8TestBodyEv _ZN7testing15nionResultC2IbEERKT_PNS_8internal8EnableIfIXntsr3std14is_convertibleIS2_S0_EE5valueEE4typeE, , 1 36 4294967212 4 
_ZN8SEALTest23EncryptorTest_t143_Test8TestBodyEv _ZNK7testing15nionResultcvbEv, , 1 
_ZN8SEALTest23EncryptorTest_t143_Test8TestBodyEv _ZN7testing15nionResultD2Ev, , 1 
_ZN8SEALTest23EncryptorTest_t143_Test8TestBodyEv _ZNSt6vectorISt7complexIdESaIS1_EEixEm, 1.31522e+08 0 , -1.01588e+09 0 0 5.58294e-322 0 5.58294e-322 61 
_ZN8SEALTest23EncryptorTest_t143_Test8TestBodyEv _ZNKSt7complexIdE4realB5cxx11Ev, 1.31522e+08 , 1.31522e+08 0 
_ZN8SEALTest23EncryptorTest_t143_Test8TestBodyEv _ZNSt6vectorISt7complexIdESaIS1_EEixEm, 1.31522e+08 -6.51926e-08 , -1.01588e+09 -7.72998e-08 0 5.58294e-322 0 5.58294e-322 61 
_ZN8SEALTest23EncryptorTest_t143_Test8TestBodyEv _ZNKSt7complexIdE4realB5cxx11Ev, 1.31522e+08 , 1.31522e+08 -6.51926e-08 
_ZN8SEALTest23EncryptorTest_t143_Test8TestBodyEv _ZSt3absd, 5.96046e-08 , 5.96046e-08 
_ZN8SEALTest23EncryptorTest_t143_Test8TestBodyEv _ZN7testing15nionResultC2IbEERKT_PNS_8internal8EnableIfIXntsr3std14is_convertibleIS2_S0_EE5valueEE4typeE, , 1 36 4294967212 4 
_ZN8SEALTest23EncryptorTest_t143_Test8TestBodyEv _ZNK7testing15nionResultcvbEv, , 1 
_ZN8SEALTest23EncryptorTest_t143_Test8TestBodyEv _ZN7testing15nionResultD2Ev, , 1 
_ZN8SEALTest23EncryptorTest_t143_Test8TestBodyEv _ZNSt6vectorISt7complexIdESaIS1_EEixEm, 7.66821e+08 0 , -1.01588e+09 0 0 5.58294e-322 0 5.58294e-322 62 
_ZN8SEALTest23EncryptorTest_t143_Test8TestBodyEv _ZNKSt7complexIdE4realB5cxx11Ev, 7.66821e+08 , 7.66821e+08 0 
_ZN8SEALTest23EncryptorTest_t143_Test8TestBodyEv _ZNSt6vectorISt7complexIdESaIS1_EEixEm, 7.66821e+08 -3.35276e-08 , -1.01588e+09 -7.72998e-08 0 5.58294e-322 0 5.58294e-322 62 
_ZN8SEALTest23EncryptorTest_t143_Test8TestBodyEv _ZNKSt7complexIdE4realB5cxx11Ev, 7.66821e+08 , 7.66821e+08 -3.35276e-08 
_ZN8SEALTest23EncryptorTest_t143_Test8TestBodyEv _ZSt3absd, 0 , 0 
_ZN8SEALTest23EncryptorTest_t143_Test8TestBodyEv _ZN7testing15nionResultC2IbEERKT_PNS_8internal8EnableIfIXntsr3std14is_convertibleIS2_S0_EE5valueEE4typeE, , 1 36 4294967212 4 
_ZN8SEALTest23EncryptorTest_t143_Test8TestBodyEv _ZNK7testing15nionResultcvbEv, , 1 
_ZN8SEALTest23EncryptorTest_t143_Test8TestBodyEv _ZN7testing15nionResultD2Ev, , 1 
_ZN8SEALTest23EncryptorTest_t143_Test8TestBodyEv _ZNSt6vectorISt7complexIdESaIS1_EEixEm, 6.58285e+08 0 , -1.01588e+09 0 0 5.58294e-322 0 5.58294e-322 63 
_ZN8SEALTest23EncryptorTest_t143_Test8TestBodyEv _ZNKSt7complexIdE4realB5cxx11Ev, 6.58285e+08 , 6.58285e+08 0 
_ZN8SEALTest23EncryptorTest_t143_Test8TestBodyEv _ZNSt6vectorISt7complexIdESaIS1_EEixEm, 6.58285e+08 -5.96046e-08 , -1.01588e+09 -7.72998e-08 0 5.58294e-322 0 5.58294e-322 63 
_ZN8SEALTest23EncryptorTest_t143_Test8TestBodyEv _ZNKSt7complexIdE4realB5cxx11Ev, 6.58285e+08 , 6.58285e+08 -5.96046e-08 
_ZN8SEALTest23EncryptorTest_t143_Test8TestBodyEv _ZSt3absd, 0 , 0 
_ZN8SEALTest23EncryptorTest_t143_Test8TestBodyEv _ZN7testing15nionResultC2IbEERKT_PNS_8internal8EnableIfIXntsr3std14is_convertibleIS2_S0_EE5valueEE4typeE, , 1 36 4294967212 4 
_ZN8SEALTest23EncryptorTest_t143_Test8TestBodyEv _ZNK7testing15nionResultcvbEv, , 1 
_ZN8SEALTest23EncryptorTest_t143_Test8TestBodyEv _ZN7testing15nionResultD2Ev, , 1 
_ZN8SEALTest23EncryptorTest_t143_Test8TestBodyEv _ZNSt6vectorISt7complexIdESaIS1_EED2Ev, , 0 4.12813e-316 0 5.58294e-322 0 5.58294e-322 
_ZN8SEALTest23EncryptorTest_t143_Test8TestBodyEv _ZNSt6vectorISt7complexIdESaIS1_EED2Ev, , 4.19018e-316 4.12813e-316 0 5.58294e-322 0 5.58294e-322 
_ZN8SEALTest23EncryptorTest_t143_Test8TestBodyEv _ZN4seal9PlaintextD2Ev, , 2076102412143508067 17645465349611151926 2765543488338113553 11852157150224914054 256 1.1259e+15 26 1 0 0 0 255 255 218 4 0 0 0 
_ZN8SEALTest23EncryptorTest_t143_Test8TestBodyEv _ZN4seal9PlaintextD2Ev, , 2076102412143508067 17645465349611151926 2765543488338113553 11852157150224914054 256 1.1259e+15 25 1 0 0 0 255 255 110 5 0 0 0 
_ZN8SEALTest23EncryptorTest_t143_Test8TestBodyEv _ZN4seal10CiphertextD2Ev, , 2076102412143508067 17645465349611151926 2765543488338113553 11852157150224914054 1 2 128 2 1.1259e+15 24 1 0 0 0 0 88 207 246 227 40 23 
_ZN8SEALTest23EncryptorTest_t143_Test8TestBodyEv _ZN4seal9DecryptorD2Ev, , 83554320 0 24 1 7837843955449963061 15216982564871054922 5522289169879559465 13715473204096370255 2076102412143508067 17645465349611151926 2765543488338113553 11852157150224914054 2076102412143508067 17645465349611151926 2765543488338113553 11852157150224914054 2 2 1 2 0 1 0 0 0 4 1 1 0 0 208 239 255 255 255 31 0 0 0 0 0 0 0 0 0 0 0 0 0 0 0 0 0 0 
_ZN8SEALTest23EncryptorTest_t143_Test8TestBodyEv _ZN4seal9EncryptorD2Ev, , 83554320 0 23 1 7837843955449963061 15216982564871054922 5522289169879559465 13715473204096370255 2076102412143508067 17645465349611151926 2765543488338113553 11852157150224914054 2076102412143508067 17645465349611151926 2765543488338113553 11852157150224914054 2 2 1 2 0 1 0 0 0 3 1 7837843955449963061 15216982564871054922 5522289169879559465 13715473204096370255 1 2 128 3 1 23 1 0 0 0 255 255 192 3 0 0 0 0 0 0 0 0 1 83554320 0 0 0 0 0 56 115 248 15 231 25 
_ZN8SEALTest23EncryptorTest_t143_Test8TestBodyEv _ZN4seal11CKKSEncoderD2Ev, , 22 1 22 1 7837843955449963061 15216982564871054922 5522289169879559465 13715473204096370255 2076102412143508067 17645465349611151926 2765543488338113553 11852157150224914054 2076102412143508067 17645465349611151926 2765543488338113553 11852157150224914054 2 2 1 2 0 1 0 0 0 2 1 64 0 0 140 1 245 3 189 30 0 255 255 179 5 0 0 0 0 0 0 0 1 0 0 0 
_ZN8SEALTest23EncryptorTest_t143_Test8TestBodyEv _ZN4seal12KeyGeneratorD2Ev, , 83554320 0 21 1 7837843955449963061 15216982564871054922 5522289169879559465 13715473204096370255 2076102412143508067 17645465349611151926 2765543488338113553 11852157150224914054 2076102412143508067 17645465349611151926 2765543488338113553 11852157150224914054 2 2 1 2 0 1 0 0 0 1 1 7837843955449963061 15216982564871054922 5522289169879559465 13715473204096370255 1 2 128 3 1 21 1 0 0 0 102 172 4 0 0 0 0 7837843955449963061 15216982564871054922 5522289169879559465 13715473204096370255 384 1 83554320 0 0 0 0 0 0 0 0 0 0 0 1 0 0 0 0 0 0 0 0 0 0 0 0 0 0 0 0 0 0 0 0 0 0 0 0 0 0 1 1 0 0 0 0 0 0 
_ZN8SEALTest23EncryptorTest_t143_Test8TestBodyEv _ZNSt10shared_ptrIN4seal11SEALContextEED2Ev, , 0 5 7837843955449963061 15216982564871054922 5522289169879559465 13715473204096370255 2076102412143508067 17645465349611151926 2765543488338113553 11852157150224914054 2076102412143508067 17645465349611151926 2765543488338113553 11852157150224914054 2 0 1 2 0 1 0 0 0 0 0 
_ZN8SEALTest23EncryptorTest_t143_Test8TestBodyEv _ZN4seal20EncryptionParametersD2Ev, , 1 1 2 128 84559824 83554320 16 102062358784 1 60 1 0 0 0 0 161 84559504 83554320 16 3278110976 23 0 0 0 0 161 84559504 83554320 16 3278110976 23 0 0 0 0 0 0 0 1 0 0 0 0 0 7837843955449963061 15216982564871054922 5522289169879559465 13715473204096370255 
_ZN8SEALTest23EncryptorTest_t143_TestD0Ev _ZN8SEALTest23EncryptorTest_t143_TestD2Ev, , 
main ret, 0 , 
