Trace Function
_ZN4seal4util29divide_uint192_uint64_inplaceEPmmS1_ _ZN4seal4util8add_safeIivEET_S2_S2_, 192 , 129 63 
_ZN4seal4util29divide_uint192_uint64_inplaceEPmmS1_ _Znwm, 96 29 41 5 , 24 
_ZN4seal4util29divide_uint192_uint64_inplaceEPmmS1_ _Znwm, 16 17 41 5 , 24 
_ZN4seal4util29divide_uint192_uint64_inplaceEPmmS1_ _ZdlPv, , 16 17 41 5 
_ZN4seal4util29divide_uint192_uint64_inplaceEPmmS1_ _ZdlPv, , 96 29 41 5 
_ZN4seal4util29divide_uint192_uint64_inplaceEPmmS1_ _ZN4seal4util8add_safeIivEET_S2_S2_, 192 , 129 63 
_ZN4seal4util29divide_uint192_uint64_inplaceEPmmS1_ _Znwm, 64 36 41 5 , 24 
_ZN4seal4util29divide_uint192_uint64_inplaceEPmmS1_ _Znwm, 16 29 41 5 , 24 
_ZN4seal4util29divide_uint192_uint64_inplaceEPmmS1_ _ZdlPv, , 16 29 41 5 
_ZN8SEALTest23EncryptorTest_t112_Test8TestBodyEv _ZNKSt7complexIdE4realB5cxx11Ev, 1.78546e-06 , 1.78546e-06 -1.74538e-06 
_ZN8SEALTest23EncryptorTest_t112_Test8TestBodyEv _ZNK7testing15nionResultcvbEv, , 1 
_ZN8SEALTest23EncryptorTest_t112_Test8TestBodyEv _ZN7testing15nionResultD2Ev, , 1 
_ZN8SEALTest23EncryptorTest_t112_Test8TestBodyEv _ZN9__gnu_cxx17__normal_iteratorIPSt7complexIdESt6vectorIS2_SaIS2_EEEppEv, 6.70608e-06 1.37735e-06 , 6.70608e-06 1.37735e-06 
_ZN9__gnu_cxxneIPSt7complexIdESt6vectorIS2_SaIS2_EEEEbRKNS_17__normal_iteratorIT_T0_EESC_ _ZNK9__gnu_cxx17__normal_iteratorIPSt7complexIdESt6vectorIS2_SaIS2_EEE4baseEv, 6.70608e-06 1.37735e-06 , 6.70608e-06 1.37735e-06 
_ZN9__gnu_cxxneIPSt7complexIdESt6vectorIS2_SaIS2_EEEEbRKNS_17__normal_iteratorIT_T0_EESC_ _ZNK9__gnu_cxx17__normal_iteratorIPSt7complexIdESt6vectorIS2_SaIS2_EEE4baseEv, 0 5.58294e-322 , 0 5.58294e-322 
_ZN8SEALTest23EncryptorTest_t112_Test8TestBodyEv _ZN9__gnu_cxxneIPSt7complexIdESt6vectorIS2_SaIS2_EEEEbRKNS_17__normal_iteratorIT_T0_EESC_, , 6.70608e-06 1.37735e-06 0 5.58294e-322 
_ZN8SEALTest23EncryptorTest_t112_Test8TestBodyEv _ZNK9__gnu_cxx17__normal_iteratorIPSt7complexIdESt6vectorIS2_SaIS2_EEEdeEv, 6.70608e-06 1.37735e-06 , 6.70608e-06 1.37735e-06 
_ZN8SEALTest23EncryptorTest_t112_Test8TestBodyEv _ZNKSt7complexIdE4realB5cxx11Ev, 6.70608e-06 , 6.70608e-06 1.37735e-06 
_ZN8SEALTest23EncryptorTest_t112_Test8TestBodyEv _ZNK7testing15nionResultcvbEv, , 1 
_ZN8SEALTest23EncryptorTest_t112_Test8TestBodyEv _ZN7testing15nionResultD2Ev, , 1 
_ZN8SEALTest23EncryptorTest_t112_Test8TestBodyEv _ZN9__gnu_cxx17__normal_iteratorIPSt7complexIdESt6vectorIS2_SaIS2_EEEppEv, -9.52739e-07 1.64217e-05 , -9.52739e-07 1.64217e-05 
_ZN9__gnu_cxxneIPSt7complexIdESt6vectorIS2_SaIS2_EEEEbRKNS_17__normal_iteratorIT_T0_EESC_ _ZNK9__gnu_cxx17__normal_iteratorIPSt7complexIdESt6vectorIS2_SaIS2_EEE4baseEv, -9.52739e-07 1.64217e-05 , -9.52739e-07 1.64217e-05 
_ZN9__gnu_cxxneIPSt7complexIdESt6vectorIS2_SaIS2_EEEEbRKNS_17__normal_iteratorIT_T0_EESC_ _ZNK9__gnu_cxx17__normal_iteratorIPSt7complexIdESt6vectorIS2_SaIS2_EEE4baseEv, 0 5.58294e-322 , 0 5.58294e-322 
_ZN8SEALTest23EncryptorTest_t112_Test8TestBodyEv _ZN9__gnu_cxxneIPSt7complexIdESt6vectorIS2_SaIS2_EEEEbRKNS_17__normal_iteratorIT_T0_EESC_, , -9.52739e-07 1.64217e-05 0 5.58294e-322 
_ZN8SEALTest23EncryptorTest_t112_Test8TestBodyEv _ZNK9__gnu_cxx17__normal_iteratorIPSt7complexIdESt6vectorIS2_SaIS2_EEEdeEv, -9.52739e-07 1.64217e-05 , -9.52739e-07 1.64217e-05 
_ZN8SEALTest23EncryptorTest_t112_Test8TestBodyEv _ZNKSt7complexIdE4realB5cxx11Ev, -9.52739e-07 , -9.52739e-07 1.64217e-05 
_ZN8SEALTest23EncryptorTest_t112_Test8TestBodyEv _ZNK7testing15nionResultcvbEv, , 1 
_ZN8SEALTest23EncryptorTest_t112_Test8TestBodyEv _ZN7testing15nionResultD2Ev, , 1 
_ZN8SEALTest23EncryptorTest_t112_Test8TestBodyEv _ZN9__gnu_cxx17__normal_iteratorIPSt7complexIdESt6vectorIS2_SaIS2_EEEppEv, 1.11506e-05 -5.95608e-06 , 1.11506e-05 -5.95608e-06 
_ZN9__gnu_cxxneIPSt7complexIdESt6vectorIS2_SaIS2_EEEEbRKNS_17__normal_iteratorIT_T0_EESC_ _ZNK9__gnu_cxx17__normal_iteratorIPSt7complexIdESt6vectorIS2_SaIS2_EEE4baseEv, 1.11506e-05 -5.95608e-06 , 1.11506e-05 -5.95608e-06 
_ZN9__gnu_cxxneIPSt7complexIdESt6vectorIS2_SaIS2_EEEEbRKNS_17__normal_iteratorIT_T0_EESC_ _ZNK9__gnu_cxx17__normal_iteratorIPSt7complexIdESt6vectorIS2_SaIS2_EEE4baseEv, 0 5.58294e-322 , 0 5.58294e-322 
_ZN8SEALTest23EncryptorTest_t112_Test8TestBodyEv _ZN9__gnu_cxxneIPSt7complexIdESt6vectorIS2_SaIS2_EEEEbRKNS_17__normal_iteratorIT_T0_EESC_, , 1.11506e-05 -5.95608e-06 0 5.58294e-322 
_ZN8SEALTest23EncryptorTest_t112_Test8TestBodyEv _ZNK9__gnu_cxx17__normal_iteratorIPSt7complexIdESt6vectorIS2_SaIS2_EEEdeEv, 1.11506e-05 -5.95608e-06 , 1.11506e-05 -5.95608e-06 
_ZN8SEALTest23EncryptorTest_t112_Test8TestBodyEv _ZNKSt7complexIdE4realB5cxx11Ev, 1.11506e-05 , 1.11506e-05 -5.95608e-06 
_ZN8SEALTest23EncryptorTest_t112_Test8TestBodyEv _ZNK7testing15nionResultcvbEv, , 1 
_ZN8SEALTest23EncryptorTest_t112_Test8TestBodyEv _ZN7testing15nionResultD2Ev, , 1 
_ZN8SEALTest23EncryptorTest_t112_Test8TestBodyEv _ZN9__gnu_cxx17__normal_iteratorIPSt7complexIdESt6vectorIS2_SaIS2_EEEppEv, 3.05347e-06 -3.57715e-07 , 3.05347e-06 -3.57715e-07 
_ZN9__gnu_cxxneIPSt7complexIdESt6vectorIS2_SaIS2_EEEEbRKNS_17__normal_iteratorIT_T0_EESC_ _ZNK9__gnu_cxx17__normal_iteratorIPSt7complexIdESt6vectorIS2_SaIS2_EEE4baseEv, 3.05347e-06 -3.57715e-07 , 3.05347e-06 -3.57715e-07 
_ZN9__gnu_cxxneIPSt7complexIdESt6vectorIS2_SaIS2_EEEEbRKNS_17__normal_iteratorIT_T0_EESC_ _ZNK9__gnu_cxx17__normal_iteratorIPSt7complexIdESt6vectorIS2_SaIS2_EEE4baseEv, 0 5.58294e-322 , 0 5.58294e-322 
_ZN8SEALTest23EncryptorTest_t112_Test8TestBodyEv _ZN9__gnu_cxxneIPSt7complexIdESt6vectorIS2_SaIS2_EEEEbRKNS_17__normal_iteratorIT_T0_EESC_, , 3.05347e-06 -3.57715e-07 0 5.58294e-322 
_ZN8SEALTest23EncryptorTest_t112_Test8TestBodyEv _ZNK9__gnu_cxx17__normal_iteratorIPSt7complexIdESt6vectorIS2_SaIS2_EEEdeEv, 3.05347e-06 -3.57715e-07 , 3.05347e-06 -3.57715e-07 
_ZN8SEALTest23EncryptorTest_t112_Test8TestBodyEv _ZNKSt7complexIdE4realB5cxx11Ev, 3.05347e-06 , 3.05347e-06 -3.57715e-07 
_ZN8SEALTest23EncryptorTest_t112_Test8TestBodyEv _ZNK7testing15nionResultcvbEv, , 1 
_ZN8SEALTest23EncryptorTest_t112_Test8TestBodyEv _ZN7testing15nionResultD2Ev, , 1 
_ZN8SEALTest23EncryptorTest_t112_Test8TestBodyEv _ZN9__gnu_cxx17__normal_iteratorIPSt7complexIdESt6vectorIS2_SaIS2_EEEppEv, 0 5.58294e-322 , 0 5.58294e-322 
_ZN9__gnu_cxxneIPSt7complexIdESt6vectorIS2_SaIS2_EEEEbRKNS_17__normal_iteratorIT_T0_EESC_ _ZNK9__gnu_cxx17__normal_iteratorIPSt7complexIdESt6vectorIS2_SaIS2_EEE4baseEv, 0 5.58294e-322 , 0 5.58294e-322 
_ZN9__gnu_cxxneIPSt7complexIdESt6vectorIS2_SaIS2_EEEEbRKNS_17__normal_iteratorIT_T0_EESC_ _ZNK9__gnu_cxx17__normal_iteratorIPSt7complexIdESt6vectorIS2_SaIS2_EEE4baseEv, 0 5.58294e-322 , 0 5.58294e-322 
_ZN8SEALTest23EncryptorTest_t112_Test8TestBodyEv _ZN9__gnu_cxxneIPSt7complexIdESt6vectorIS2_SaIS2_EEEEbRKNS_17__normal_iteratorIT_T0_EESC_, , 0 5.58294e-322 0 5.58294e-322 
_ZN8SEALTest23EncryptorTest_t112_Test8TestBodyEv _ZNSt6vectorISt7complexIdESaIS1_EED2Ev, , 0 4.25623e-316 0 5.58294e-322 0 5.58294e-322 
_ZN8SEALTest23EncryptorTest_t112_Test8TestBodyEv _ZN4seal9PlaintextD2Ev, , 14080344691695950549 4143418445629757926 12304176048021781671 17867230157865811708 64 1.04858e+06 31 1 0 0 0 161 41 5 0 0 0 0 
_ZN8SEALTest23EncryptorTest_t112_Test8TestBodyEv _ZN4seal10CiphertextD2Ev, , 14080344691695950549 4143418445629757926 12304176048021781671 17867230157865811708 1 2 64 1 1.04858e+06 30 1 0 0 0 0 0 0 0 0 0 0 
_ZN8SEALTest23EncryptorTest_t112_Test8TestBodyEv _ZN4seal11CKKSEncoderD2Ev, , 29 1 29 1 8431929000011472058 1941298099201550957 242860148709063793 7140277196230365697 13720581756057116705 4195496591973512050 16063114716891232052 627530588283195705 14080344691695950549 4143418445629757926 12304176048021781671 17867230157865811708 5 3 1 5 0 1 0 0 0 4 1 32 0 255 97 0 252 255 13 0 0 0 0 0 1 0 0 0 0 0 16 232 3 0 0 0 
_ZN8SEALTest23EncryptorTest_t112_Test8TestBodyEv _ZN4seal9DecryptorD2Ev, , 86147088 0 29 1 8431929000011472058 1941298099201550957 242860148709063793 7140277196230365697 13720581756057116705 4195496591973512050 16063114716891232052 627530588283195705 14080344691695950549 4143418445629757926 12304176048021781671 17867230157865811708 5 3 1 5 0 1 0 0 0 3 1 1 0 57 69 35 255 127 0 0 0 0 0 0 0 0 0 0 0 0 0 0 0 0 0 0 0 0 
_ZN8SEALTest23EncryptorTest_t112_Test8TestBodyEv _ZN4seal9EncryptorD2Ev, , 86147088 0 28 1 8431929000011472058 1941298099201550957 242860148709063793 7140277196230365697 13720581756057116705 4195496591973512050 16063114716891232052 627530588283195705 14080344691695950549 4143418445629757926 12304176048021781671 17867230157865811708 5 3 1 5 0 1 0 0 0 2 1 8431929000011472058 1941298099201550957 242860148709063793 7140277196230365697 1 2 64 3 1 28 1 0 0 0 58 69 35 255 127 0 0 8431929000011472058 1941298099201550957 242860148709063793 7140277196230365697 192 1 86147088 0 0 0 0 46 47 5 0 0 0 0 
_ZN8SEALTest23EncryptorTest_t112_Test8TestBodyEv _ZN4seal12KeyGeneratorD2Ev, , 86147088 0 27 1 8431929000011472058 1941298099201550957 242860148709063793 7140277196230365697 13720581756057116705 4195496591973512050 16063114716891232052 627530588283195705 14080344691695950549 4143418445629757926 12304176048021781671 17867230157865811708 5 3 1 5 0 1 0 0 0 1 1 8431929000011472058 1941298099201550957 242860148709063793 7140277196230365697 1 2 64 3 1 27 1 0 0 0 0 0 0 0 0 0 0 8431929000011472058 1941298099201550957 242860148709063793 7140277196230365697 192 1 86147088 0 0 0 0 0 0 0 0 0 0 0 1 0 0 0 0 0 0 0 0 0 0 0 0 0 0 0 0 0 0 0 0 0 0 0 0 0 0 1 1 0 0 0 0 0 0 
_ZN8SEALTest23EncryptorTest_t112_Test8TestBodyEv _ZNSt10shared_ptrIN4seal11SEALContextEED2Ev, , 0 7 8431929000011472058 1941298099201550957 242860148709063793 7140277196230365697 13720581756057116705 4195496591973512050 16063114716891232052 627530588283195705 14080344691695950549 4143418445629757926 12304176048021781671 17867230157865811708 5 0 1 5 0 1 0 0 0 0 0 
_ZN8SEALTest23EncryptorTest_t112_Test8TestBodyEv _ZN4seal20EncryptionParametersD2Ev, , 1 1 2 64 87105072 86147088 16777216 814996446912 1 40 1 0 0 0 0 161 87352400 87353168 87359200 87359536 0 0 0 0 0 161 87352400 87353168 87359200 87359536 0 0 0 0 0 0 0 0 1 0 0 127 0 0 8431929000011472058 1941298099201550957 242860148709063793 7140277196230365697 
_ZN8SEALTest23EncryptorTest_t112_TestD0Ev _ZN8SEALTest23EncryptorTest_t112_TestD2Ev, , 
main ret, 0 , 
