Trace Function
_ZN4seal4util29divide_uint192_uint64_inplaceEPmmS1_ _ZN4seal4util8add_safeIivEET_S2_S2_, 192 , 129 63 
_ZN4seal4util29divide_uint192_uint64_inplaceEPmmS1_ _Znwm, 96 4294967213 4294967179 6 , 24 
_ZN4seal4util29divide_uint192_uint64_inplaceEPmmS1_ _Znwm, 16 4294967201 4294967179 6 , 24 
_ZN4seal4util29divide_uint192_uint64_inplaceEPmmS1_ _ZdlPv, , 16 4294967201 4294967179 6 
_ZN4seal4util29divide_uint192_uint64_inplaceEPmmS1_ _ZdlPv, , 96 4294967213 4294967179 6 
_ZN4seal4util29divide_uint192_uint64_inplaceEPmmS1_ _ZN4seal4util8add_safeIivEET_S2_S2_, 192 , 129 63 
_ZN4seal4util29divide_uint192_uint64_inplaceEPmmS1_ _Znwm, 64 4294967220 4294967179 6 , 24 
_ZN4seal4util29divide_uint192_uint64_inplaceEPmmS1_ _Znwm, 16 4294967213 4294967179 6 , 24 
_ZN4seal4util29divide_uint192_uint64_inplaceEPmmS1_ _ZdlPv, , 16 4294967213 4294967179 6 
_ZN8SEALTest23EncryptorTest_t125_Test8TestBodyEv _ZNKSt7complexIdE4imagB5cxx11Ev, 8.77358e-06 , 7.28789e-06 8.77358e-06 
_ZN8SEALTest23EncryptorTest_t125_Test8TestBodyEv _ZNK7testing15nionResultcvbEv, , 1 
_ZN8SEALTest23EncryptorTest_t125_Test8TestBodyEv _ZN7testing15nionResultD2Ev, , 1 
_ZN8SEALTest23EncryptorTest_t125_Test8TestBodyEv _ZN9__gnu_cxx17__normal_iteratorIPSt7complexIdESt6vectorIS2_SaIS2_EEEppEv, -1.03424e-06 -1.46071e-05 , -1.03424e-06 -1.46071e-05 
_ZN9__gnu_cxxneIPSt7complexIdESt6vectorIS2_SaIS2_EEEEbRKNS_17__normal_iteratorIT_T0_EESC_ _ZNK9__gnu_cxx17__normal_iteratorIPSt7complexIdESt6vectorIS2_SaIS2_EEE4baseEv, -1.03424e-06 -1.46071e-05 , -1.03424e-06 -1.46071e-05 
_ZN9__gnu_cxxneIPSt7complexIdESt6vectorIS2_SaIS2_EEEEbRKNS_17__normal_iteratorIT_T0_EESC_ _ZNK9__gnu_cxx17__normal_iteratorIPSt7complexIdESt6vectorIS2_SaIS2_EEE4baseEv, 0 5.58294e-322 , 0 5.58294e-322 
_ZN8SEALTest23EncryptorTest_t125_Test8TestBodyEv _ZN9__gnu_cxxneIPSt7complexIdESt6vectorIS2_SaIS2_EEEEbRKNS_17__normal_iteratorIT_T0_EESC_, , -1.03424e-06 -1.46071e-05 0 5.58294e-322 
_ZN8SEALTest23EncryptorTest_t125_Test8TestBodyEv _ZNK9__gnu_cxx17__normal_iteratorIPSt7complexIdESt6vectorIS2_SaIS2_EEEdeEv, -1.03424e-06 -1.46071e-05 , -1.03424e-06 -1.46071e-05 
_ZN8SEALTest23EncryptorTest_t125_Test8TestBodyEv _ZNKSt7complexIdE4imagB5cxx11Ev, -1.46071e-05 , -1.03424e-06 -1.46071e-05 
_ZN8SEALTest23EncryptorTest_t125_Test8TestBodyEv _ZNK7testing15nionResultcvbEv, , 1 
_ZN8SEALTest23EncryptorTest_t125_Test8TestBodyEv _ZN7testing15nionResultD2Ev, , 1 
_ZN8SEALTest23EncryptorTest_t125_Test8TestBodyEv _ZN9__gnu_cxx17__normal_iteratorIPSt7complexIdESt6vectorIS2_SaIS2_EEEppEv, 4.01657e-06 1.23212e-05 , 4.01657e-06 1.23212e-05 
_ZN9__gnu_cxxneIPSt7complexIdESt6vectorIS2_SaIS2_EEEEbRKNS_17__normal_iteratorIT_T0_EESC_ _ZNK9__gnu_cxx17__normal_iteratorIPSt7complexIdESt6vectorIS2_SaIS2_EEE4baseEv, 4.01657e-06 1.23212e-05 , 4.01657e-06 1.23212e-05 
_ZN9__gnu_cxxneIPSt7complexIdESt6vectorIS2_SaIS2_EEEEbRKNS_17__normal_iteratorIT_T0_EESC_ _ZNK9__gnu_cxx17__normal_iteratorIPSt7complexIdESt6vectorIS2_SaIS2_EEE4baseEv, 0 5.58294e-322 , 0 5.58294e-322 
_ZN8SEALTest23EncryptorTest_t125_Test8TestBodyEv _ZN9__gnu_cxxneIPSt7complexIdESt6vectorIS2_SaIS2_EEEEbRKNS_17__normal_iteratorIT_T0_EESC_, , 4.01657e-06 1.23212e-05 0 5.58294e-322 
_ZN8SEALTest23EncryptorTest_t125_Test8TestBodyEv _ZNK9__gnu_cxx17__normal_iteratorIPSt7complexIdESt6vectorIS2_SaIS2_EEEdeEv, 4.01657e-06 1.23212e-05 , 4.01657e-06 1.23212e-05 
_ZN8SEALTest23EncryptorTest_t125_Test8TestBodyEv _ZNKSt7complexIdE4imagB5cxx11Ev, 1.23212e-05 , 4.01657e-06 1.23212e-05 
_ZN8SEALTest23EncryptorTest_t125_Test8TestBodyEv _ZNK7testing15nionResultcvbEv, , 1 
_ZN8SEALTest23EncryptorTest_t125_Test8TestBodyEv _ZN7testing15nionResultD2Ev, , 1 
_ZN8SEALTest23EncryptorTest_t125_Test8TestBodyEv _ZN9__gnu_cxx17__normal_iteratorIPSt7complexIdESt6vectorIS2_SaIS2_EEEppEv, 1.22958e-05 -1.53484e-06 , 1.22958e-05 -1.53484e-06 
_ZN9__gnu_cxxneIPSt7complexIdESt6vectorIS2_SaIS2_EEEEbRKNS_17__normal_iteratorIT_T0_EESC_ _ZNK9__gnu_cxx17__normal_iteratorIPSt7complexIdESt6vectorIS2_SaIS2_EEE4baseEv, 1.22958e-05 -1.53484e-06 , 1.22958e-05 -1.53484e-06 
_ZN9__gnu_cxxneIPSt7complexIdESt6vectorIS2_SaIS2_EEEEbRKNS_17__normal_iteratorIT_T0_EESC_ _ZNK9__gnu_cxx17__normal_iteratorIPSt7complexIdESt6vectorIS2_SaIS2_EEE4baseEv, 0 5.58294e-322 , 0 5.58294e-322 
_ZN8SEALTest23EncryptorTest_t125_Test8TestBodyEv _ZN9__gnu_cxxneIPSt7complexIdESt6vectorIS2_SaIS2_EEEEbRKNS_17__normal_iteratorIT_T0_EESC_, , 1.22958e-05 -1.53484e-06 0 5.58294e-322 
_ZN8SEALTest23EncryptorTest_t125_Test8TestBodyEv _ZNK9__gnu_cxx17__normal_iteratorIPSt7complexIdESt6vectorIS2_SaIS2_EEEdeEv, 1.22958e-05 -1.53484e-06 , 1.22958e-05 -1.53484e-06 
_ZN8SEALTest23EncryptorTest_t125_Test8TestBodyEv _ZNKSt7complexIdE4imagB5cxx11Ev, -1.53484e-06 , 1.22958e-05 -1.53484e-06 
_ZN8SEALTest23EncryptorTest_t125_Test8TestBodyEv _ZNK7testing15nionResultcvbEv, , 1 
_ZN8SEALTest23EncryptorTest_t125_Test8TestBodyEv _ZN7testing15nionResultD2Ev, , 1 
_ZN8SEALTest23EncryptorTest_t125_Test8TestBodyEv _ZN9__gnu_cxx17__normal_iteratorIPSt7complexIdESt6vectorIS2_SaIS2_EEEppEv, 3.81838e-06 -1.79489e-05 , 3.81838e-06 -1.79489e-05 
_ZN9__gnu_cxxneIPSt7complexIdESt6vectorIS2_SaIS2_EEEEbRKNS_17__normal_iteratorIT_T0_EESC_ _ZNK9__gnu_cxx17__normal_iteratorIPSt7complexIdESt6vectorIS2_SaIS2_EEE4baseEv, 3.81838e-06 -1.79489e-05 , 3.81838e-06 -1.79489e-05 
_ZN9__gnu_cxxneIPSt7complexIdESt6vectorIS2_SaIS2_EEEEbRKNS_17__normal_iteratorIT_T0_EESC_ _ZNK9__gnu_cxx17__normal_iteratorIPSt7complexIdESt6vectorIS2_SaIS2_EEE4baseEv, 0 5.58294e-322 , 0 5.58294e-322 
_ZN8SEALTest23EncryptorTest_t125_Test8TestBodyEv _ZN9__gnu_cxxneIPSt7complexIdESt6vectorIS2_SaIS2_EEEEbRKNS_17__normal_iteratorIT_T0_EESC_, , 3.81838e-06 -1.79489e-05 0 5.58294e-322 
_ZN8SEALTest23EncryptorTest_t125_Test8TestBodyEv _ZNK9__gnu_cxx17__normal_iteratorIPSt7complexIdESt6vectorIS2_SaIS2_EEEdeEv, 3.81838e-06 -1.79489e-05 , 3.81838e-06 -1.79489e-05 
_ZN8SEALTest23EncryptorTest_t125_Test8TestBodyEv _ZNKSt7complexIdE4imagB5cxx11Ev, -1.79489e-05 , 3.81838e-06 -1.79489e-05 
_ZN8SEALTest23EncryptorTest_t125_Test8TestBodyEv _ZNK7testing15nionResultcvbEv, , 1 
_ZN8SEALTest23EncryptorTest_t125_Test8TestBodyEv _ZN7testing15nionResultD2Ev, , 1 
_ZN8SEALTest23EncryptorTest_t125_Test8TestBodyEv _ZN9__gnu_cxx17__normal_iteratorIPSt7complexIdESt6vectorIS2_SaIS2_EEEppEv, 0 5.58294e-322 , 0 5.58294e-322 
_ZN9__gnu_cxxneIPSt7complexIdESt6vectorIS2_SaIS2_EEEEbRKNS_17__normal_iteratorIT_T0_EESC_ _ZNK9__gnu_cxx17__normal_iteratorIPSt7complexIdESt6vectorIS2_SaIS2_EEE4baseEv, 0 5.58294e-322 , 0 5.58294e-322 
_ZN9__gnu_cxxneIPSt7complexIdESt6vectorIS2_SaIS2_EEEEbRKNS_17__normal_iteratorIT_T0_EESC_ _ZNK9__gnu_cxx17__normal_iteratorIPSt7complexIdESt6vectorIS2_SaIS2_EEE4baseEv, 0 5.58294e-322 , 0 5.58294e-322 
_ZN8SEALTest23EncryptorTest_t125_Test8TestBodyEv _ZN9__gnu_cxxneIPSt7complexIdESt6vectorIS2_SaIS2_EEEEbRKNS_17__normal_iteratorIT_T0_EESC_, , 0 5.58294e-322 0 5.58294e-322 
_ZN8SEALTest23EncryptorTest_t125_Test8TestBodyEv _ZNSt6vectorISt7complexIdESaIS1_EED2Ev, , 5.49625e-316 5.40427e-316 0 5.58294e-322 0 5.58294e-322 
_ZN8SEALTest23EncryptorTest_t125_Test8TestBodyEv _ZN4seal9PlaintextD2Ev, , 14080344691695950549 4143418445629757926 12304176048021781671 17867230157865811708 64 1.04858e+06 31 1 0 0 0 49 140 6 0 0 0 0 
_ZN8SEALTest23EncryptorTest_t125_Test8TestBodyEv _ZN4seal10CiphertextD2Ev, , 14080344691695950549 4143418445629757926 12304176048021781671 17867230157865811708 1 2 64 1 1.04858e+06 30 1 0 0 0 0 0 0 0 0 0 0 
_ZN8SEALTest23EncryptorTest_t125_Test8TestBodyEv _ZN4seal11CKKSEncoderD2Ev, , 29 1 29 1 8431929000011472058 1941298099201550957 242860148709063793 7140277196230365697 13720581756057116705 4195496591973512050 16063114716891232052 627530588283195705 14080344691695950549 4143418445629757926 12304176048021781671 17867230157865811708 5 3 1 5 0 1 0 0 0 4 1 32 0 255 97 0 252 255 13 0 0 0 0 0 1 0 0 0 0 0 16 232 3 0 0 0 
_ZN8SEALTest23EncryptorTest_t125_Test8TestBodyEv _ZN4seal9DecryptorD2Ev, , 109383696 0 29 1 8431929000011472058 1941298099201550957 242860148709063793 7140277196230365697 13720581756057116705 4195496591973512050 16063114716891232052 627530588283195705 14080344691695950549 4143418445629757926 12304176048021781671 17867230157865811708 5 3 1 5 0 1 0 0 0 3 1 1 0 165 144 63 252 127 0 0 0 0 0 0 0 0 0 0 0 0 0 0 0 0 0 0 0 0 
_ZN8SEALTest23EncryptorTest_t125_Test8TestBodyEv _ZN4seal9EncryptorD2Ev, , 109383696 0 28 1 8431929000011472058 1941298099201550957 242860148709063793 7140277196230365697 13720581756057116705 4195496591973512050 16063114716891232052 627530588283195705 14080344691695950549 4143418445629757926 12304176048021781671 17867230157865811708 5 3 1 5 0 1 0 0 0 2 1 8431929000011472058 1941298099201550957 242860148709063793 7140277196230365697 1 2 64 3 1 28 1 0 0 0 166 144 63 252 127 0 0 8431929000011472058 1941298099201550957 242860148709063793 7140277196230365697 192 1 109383696 0 0 0 0 190 145 6 0 0 0 0 
_ZN8SEALTest23EncryptorTest_t125_Test8TestBodyEv _ZN4seal12KeyGeneratorD2Ev, , 0 0 27 1 8431929000011472058 1941298099201550957 242860148709063793 7140277196230365697 13720581756057116705 4195496591973512050 16063114716891232052 627530588283195705 14080344691695950549 4143418445629757926 12304176048021781671 17867230157865811708 5 3 1 5 0 1 0 0 0 1 1 8431929000011472058 1941298099201550957 242860148709063793 7140277196230365697 1 2 64 3 1 27 1 0 0 0 0 0 0 0 0 0 0 8431929000011472058 1941298099201550957 242860148709063793 7140277196230365697 192 1 0 0 0 0 0 0 0 0 0 0 0 0 1 0 0 0 0 0 0 0 0 0 0 0 0 0 0 0 0 0 0 0 0 0 0 0 0 0 0 1 1 0 0 0 0 0 0 
_ZN8SEALTest23EncryptorTest_t125_Test8TestBodyEv _ZNSt10shared_ptrIN4seal11SEALContextEED2Ev, , 0 7 8431929000011472058 1941298099201550957 242860148709063793 7140277196230365697 13720581756057116705 4195496591973512050 16063114716891232052 627530588283195705 14080344691695950549 4143418445629757926 12304176048021781671 17867230157865811708 5 0 1 5 0 1 0 0 0 0 0 
_ZN8SEALTest23EncryptorTest_t125_Test8TestBodyEv _ZN4seal20EncryptionParametersD2Ev, , 1 1 2 64 110341680 109383696 16777216 814996446912 1 40 1 0 0 0 0 161 110589008 110589776 110595808 110596144 0 0 0 0 0 161 110589008 110589776 110595808 110596144 0 0 0 0 0 0 0 0 1 0 0 127 0 0 8431929000011472058 1941298099201550957 242860148709063793 7140277196230365697 
_ZN8SEALTest23EncryptorTest_t125_TestD0Ev _ZN8SEALTest23EncryptorTest_t125_TestD2Ev, , 
main ret, 0 , 
