Trace Function
_ZN4seal4util29divide_uint192_uint64_inplaceEPmmS1_ _ZN4seal4util8add_safeIivEET_S2_S2_, 192 , 129 63 
_ZN4seal4util29divide_uint192_uint64_inplaceEPmmS1_ _Znwm, 96 4294967213 97 6 , 24 
_ZN4seal4util29divide_uint192_uint64_inplaceEPmmS1_ _Znwm, 16 4294967201 97 6 , 24 
_ZN4seal4util29divide_uint192_uint64_inplaceEPmmS1_ _ZdlPv, , 16 4294967201 97 6 
_ZN4seal4util29divide_uint192_uint64_inplaceEPmmS1_ _ZdlPv, , 96 4294967213 97 6 
_ZN4seal4util29divide_uint192_uint64_inplaceEPmmS1_ _ZN4seal4util8add_safeIivEET_S2_S2_, 192 , 129 63 
_ZN4seal4util29divide_uint192_uint64_inplaceEPmmS1_ _Znwm, 64 4294967220 97 6 , 24 
_ZN4seal4util29divide_uint192_uint64_inplaceEPmmS1_ _Znwm, 16 4294967213 97 6 , 24 
_ZN4seal4util29divide_uint192_uint64_inplaceEPmmS1_ _ZdlPv, , 16 4294967213 97 6 
_ZN8SEALTest23EncryptorTest_t145_Test8TestBodyEv _ZNKSt7complexIdE4realB5cxx11Ev, 1.06309e+08 , 1.06309e+08 3.1665e-08 
_ZN8SEALTest23EncryptorTest_t145_Test8TestBodyEv _ZSt3absd, 1.19209e-07 , 1.19209e-07 
_ZN8SEALTest23EncryptorTest_t145_Test8TestBodyEv _ZN7testing15nionResultC2IbEERKT_PNS_8internal8EnableIfIXntsr3std14is_convertibleIS2_S0_EE5valueEE4typeE, , 1 36 4294967212 4 
_ZN8SEALTest23EncryptorTest_t145_Test8TestBodyEv _ZNK7testing15nionResultcvbEv, , 1 
_ZN8SEALTest23EncryptorTest_t145_Test8TestBodyEv _ZN7testing15nionResultD2Ev, , 1 
_ZN8SEALTest23EncryptorTest_t145_Test8TestBodyEv _ZNSt6vectorISt7complexIdESaIS1_EEixEm, 6.11679e+08 0 , 9.99475e+08 0 0 5.58294e-322 0 5.58294e-322 28 
_ZN8SEALTest23EncryptorTest_t145_Test8TestBodyEv _ZNKSt7complexIdE4realB5cxx11Ev, 6.11679e+08 , 6.11679e+08 0 
_ZN8SEALTest23EncryptorTest_t145_Test8TestBodyEv _ZNSt6vectorISt7complexIdESaIS1_EEixEm, 6.11679e+08 1.17347e-07 , 9.99475e+08 6.0536e-08 0 5.58294e-322 0 5.58294e-322 28 
_ZN8SEALTest23EncryptorTest_t145_Test8TestBodyEv _ZNKSt7complexIdE4realB5cxx11Ev, 6.11679e+08 , 6.11679e+08 1.17347e-07 
_ZN8SEALTest23EncryptorTest_t145_Test8TestBodyEv _ZSt3absd, 0 , 0 
_ZN8SEALTest23EncryptorTest_t145_Test8TestBodyEv _ZN7testing15nionResultC2IbEERKT_PNS_8internal8EnableIfIXntsr3std14is_convertibleIS2_S0_EE5valueEE4typeE, , 1 36 4294967212 4 
_ZN8SEALTest23EncryptorTest_t145_Test8TestBodyEv _ZNK7testing15nionResultcvbEv, , 1 
_ZN8SEALTest23EncryptorTest_t145_Test8TestBodyEv _ZN7testing15nionResultD2Ev, , 1 
_ZN8SEALTest23EncryptorTest_t145_Test8TestBodyEv _ZNSt6vectorISt7complexIdESaIS1_EEixEm, -2.12528e+08 0 , 9.99475e+08 0 0 5.58294e-322 0 5.58294e-322 29 
_ZN8SEALTest23EncryptorTest_t145_Test8TestBodyEv _ZNKSt7complexIdE4realB5cxx11Ev, -2.12528e+08 , -2.12528e+08 0 
_ZN8SEALTest23EncryptorTest_t145_Test8TestBodyEv _ZNSt6vectorISt7complexIdESaIS1_EEixEm, -2.12528e+08 7.07805e-08 , 9.99475e+08 6.0536e-08 0 5.58294e-322 0 5.58294e-322 29 
_ZN8SEALTest23EncryptorTest_t145_Test8TestBodyEv _ZNKSt7complexIdE4realB5cxx11Ev, -2.12528e+08 , -2.12528e+08 7.07805e-08 
_ZN8SEALTest23EncryptorTest_t145_Test8TestBodyEv _ZSt3absd, 2.98023e-08 , -2.98023e-08 
_ZN8SEALTest23EncryptorTest_t145_Test8TestBodyEv _ZN7testing15nionResultC2IbEERKT_PNS_8internal8EnableIfIXntsr3std14is_convertibleIS2_S0_EE5valueEE4typeE, , 1 36 4294967212 4 
_ZN8SEALTest23EncryptorTest_t145_Test8TestBodyEv _ZNK7testing15nionResultcvbEv, , 1 
_ZN8SEALTest23EncryptorTest_t145_Test8TestBodyEv _ZN7testing15nionResultD2Ev, , 1 
_ZN8SEALTest23EncryptorTest_t145_Test8TestBodyEv _ZNSt6vectorISt7complexIdESaIS1_EEixEm, 2.36839e+08 0 , 9.99475e+08 0 0 5.58294e-322 0 5.58294e-322 30 
_ZN8SEALTest23EncryptorTest_t145_Test8TestBodyEv _ZNKSt7complexIdE4realB5cxx11Ev, 2.36839e+08 , 2.36839e+08 0 
_ZN8SEALTest23EncryptorTest_t145_Test8TestBodyEv _ZNSt6vectorISt7complexIdESaIS1_EEixEm, 2.36839e+08 -2.04891e-08 , 9.99475e+08 6.0536e-08 0 5.58294e-322 0 5.58294e-322 30 
_ZN8SEALTest23EncryptorTest_t145_Test8TestBodyEv _ZNKSt7complexIdE4realB5cxx11Ev, 2.36839e+08 , 2.36839e+08 -2.04891e-08 
_ZN8SEALTest23EncryptorTest_t145_Test8TestBodyEv _ZSt3absd, 5.96046e-08 , 5.96046e-08 
_ZN8SEALTest23EncryptorTest_t145_Test8TestBodyEv _ZN7testing15nionResultC2IbEERKT_PNS_8internal8EnableIfIXntsr3std14is_convertibleIS2_S0_EE5valueEE4typeE, , 1 36 4294967212 4 
_ZN8SEALTest23EncryptorTest_t145_Test8TestBodyEv _ZNK7testing15nionResultcvbEv, , 1 
_ZN8SEALTest23EncryptorTest_t145_Test8TestBodyEv _ZN7testing15nionResultD2Ev, , 1 
_ZN8SEALTest23EncryptorTest_t145_Test8TestBodyEv _ZNSt6vectorISt7complexIdESaIS1_EEixEm, -9.42835e+08 0 , 9.99475e+08 0 0 5.58294e-322 0 5.58294e-322 31 
_ZN8SEALTest23EncryptorTest_t145_Test8TestBodyEv _ZNKSt7complexIdE4realB5cxx11Ev, -9.42835e+08 , -9.42835e+08 0 
_ZN8SEALTest23EncryptorTest_t145_Test8TestBodyEv _ZNSt6vectorISt7complexIdESaIS1_EEixEm, -9.42835e+08 4.84288e-08 , 9.99475e+08 6.0536e-08 0 5.58294e-322 0 5.58294e-322 31 
_ZN8SEALTest23EncryptorTest_t145_Test8TestBodyEv _ZNKSt7complexIdE4realB5cxx11Ev, -9.42835e+08 , -9.42835e+08 4.84288e-08 
_ZN8SEALTest23EncryptorTest_t145_Test8TestBodyEv _ZSt3absd, 1.19209e-07 , 1.19209e-07 
_ZN8SEALTest23EncryptorTest_t145_Test8TestBodyEv _ZN7testing15nionResultC2IbEERKT_PNS_8internal8EnableIfIXntsr3std14is_convertibleIS2_S0_EE5valueEE4typeE, , 1 36 4294967212 4 
_ZN8SEALTest23EncryptorTest_t145_Test8TestBodyEv _ZNK7testing15nionResultcvbEv, , 1 
_ZN8SEALTest23EncryptorTest_t145_Test8TestBodyEv _ZN7testing15nionResultD2Ev, , 1 
_ZN8SEALTest23EncryptorTest_t145_Test8TestBodyEv _ZNSt6vectorISt7complexIdESaIS1_EED2Ev, , 0 5.26828e-316 0 5.58294e-322 0 5.58294e-322 
_ZN8SEALTest23EncryptorTest_t145_Test8TestBodyEv _ZNSt6vectorISt7complexIdESaIS1_EED2Ev, , 5.3303e-316 5.26828e-316 0 5.58294e-322 0 5.58294e-322 
_ZN8SEALTest23EncryptorTest_t145_Test8TestBodyEv _ZN4seal9PlaintextD2Ev, , 2076102412143508067 17645465349611151926 2765543488338113553 11852157150224914054 256 1.15292e+18 26 1 0 0 0 0 0 0 1 0 0 0 
_ZN8SEALTest23EncryptorTest_t145_Test8TestBodyEv _ZN4seal9PlaintextD2Ev, , 2076102412143508067 17645465349611151926 2765543488338113553 11852157150224914054 256 1.15292e+18 25 1 0 0 0 0 0 0 1 0 0 0 
_ZN8SEALTest23EncryptorTest_t145_Test8TestBodyEv _ZN4seal10CiphertextD2Ev, , 2076102412143508067 17645465349611151926 2765543488338113553 11852157150224914054 1 2 128 2 1.15292e+18 24 1 0 0 0 0 32 237 255 255 255 31 
_ZN8SEALTest23EncryptorTest_t145_Test8TestBodyEv _ZN4seal9DecryptorD2Ev, , 106631184 0 24 1 7837843955449963061 15216982564871054922 5522289169879559465 13715473204096370255 2076102412143508067 17645465349611151926 2765543488338113553 11852157150224914054 2076102412143508067 17645465349611151926 2765543488338113553 11852157150224914054 2 2 1 2 0 1 0 0 0 4 1 1 0 255 255 11 4 0 0 0 0 0 0 0 0 0 0 0 0 0 0 0 0 0 0 0 0 0 
_ZN8SEALTest23EncryptorTest_t145_Test8TestBodyEv _ZN4seal9EncryptorD2Ev, , 106631184 0 23 1 7837843955449963061 15216982564871054922 5522289169879559465 13715473204096370255 2076102412143508067 17645465349611151926 2765543488338113553 11852157150224914054 2076102412143508067 17645465349611151926 2765543488338113553 11852157150224914054 2 2 1 2 0 1 0 0 0 3 1 7837843955449963061 15216982564871054922 5522289169879559465 13715473204096370255 1 2 128 3 1 23 1 0 0 0 0 0 0 0 0 0 0 0 0 0 0 0 1 106631184 0 0 0 0 0 0 0 0 0 0 0 
_ZN8SEALTest23EncryptorTest_t145_Test8TestBodyEv _ZN4seal11CKKSEncoderD2Ev, , 22 1 22 1 7837843955449963061 15216982564871054922 5522289169879559465 13715473204096370255 2076102412143508067 17645465349611151926 2765543488338113553 11852157150224914054 2076102412143508067 17645465349611151926 2765543488338113553 11852157150224914054 2 2 1 2 0 1 0 0 0 2 1 64 0 255 255 110 5 0 0 0 0 0 0 0 1 0 0 0 0 0 36 60 245 35 132 25 
_ZN8SEALTest23EncryptorTest_t145_Test8TestBodyEv _ZN4seal12KeyGeneratorD2Ev, , 106631184 0 21 1 7837843955449963061 15216982564871054922 5522289169879559465 13715473204096370255 2076102412143508067 17645465349611151926 2765543488338113553 11852157150224914054 2076102412143508067 17645465349611151926 2765543488338113553 11852157150224914054 2 2 1 2 0 1 0 0 0 1 1 7837843955449963061 15216982564871054922 5522289169879559465 13715473204096370255 1 2 128 3 1 21 1 0 0 0 195 103 6 0 0 0 0 7837843955449963061 15216982564871054922 5522289169879559465 13715473204096370255 384 1 106631184 0 0 0 0 0 0 0 0 0 0 0 1 0 24 0 0 0 0 0 0 0 0 0 0 0 0 0 0 0 0 0 0 0 0 0 0 0 0 1 1 0 0 124 0 0 0 
_ZN8SEALTest23EncryptorTest_t145_Test8TestBodyEv _ZNSt10shared_ptrIN4seal11SEALContextEED2Ev, , 0 5 7837843955449963061 15216982564871054922 5522289169879559465 13715473204096370255 2076102412143508067 17645465349611151926 2765543488338113553 11852157150224914054 2076102412143508067 17645465349611151926 2765543488338113553 11852157150224914054 2 0 1 2 0 1 0 0 0 0 0 
_ZN8SEALTest23EncryptorTest_t145_Test8TestBodyEv _ZN4seal20EncryptionParametersD2Ev, , 1 1 2 128 107636688 106631184 16 102062358784 1 60 1 0 0 0 0 161 107636368 106631184 16 3278110976 23 0 0 0 0 161 107636368 106631184 16 3278110976 23 0 0 0 0 0 0 0 1 0 0 0 0 0 7837843955449963061 15216982564871054922 5522289169879559465 13715473204096370255 
_ZN8SEALTest23EncryptorTest_t145_TestD0Ev _ZN8SEALTest23EncryptorTest_t145_TestD2Ev, , 
main ret, 0 , 
