Trace Function
_ZN4seal4util29divide_uint192_uint64_inplaceEPmmS1_ _ZN4seal4util8add_safeIivEET_S2_S2_, 192 , 129 63 
_ZN4seal4util29divide_uint192_uint64_inplaceEPmmS1_ _Znwm, 96 4294967197 95 6 , 24 
_ZN4seal4util29divide_uint192_uint64_inplaceEPmmS1_ _Znwm, 16 4294967185 95 6 , 24 
_ZN4seal4util29divide_uint192_uint64_inplaceEPmmS1_ _ZdlPv, , 16 4294967185 95 6 
_ZN4seal4util29divide_uint192_uint64_inplaceEPmmS1_ _ZdlPv, , 96 4294967197 95 6 
_ZN4seal4util29divide_uint192_uint64_inplaceEPmmS1_ _ZN4seal4util8add_safeIivEET_S2_S2_, 192 , 129 63 
_ZN4seal4util29divide_uint192_uint64_inplaceEPmmS1_ _Znwm, 64 4294967204 95 6 , 24 
_ZN4seal4util29divide_uint192_uint64_inplaceEPmmS1_ _Znwm, 16 4294967197 95 6 , 24 
_ZN4seal4util29divide_uint192_uint64_inplaceEPmmS1_ _ZdlPv, , 16 4294967197 95 6 
_ZN8SEALTest23EncryptorTest_t141_Test8TestBodyEv _ZNKSt7complexIdE4realB5cxx11Ev, -0.000185535 , -0.000185535 0.000155824 
_ZN8SEALTest23EncryptorTest_t141_Test8TestBodyEv _ZSt3absd, 0.000185535 , 0.000185535 
_ZN8SEALTest23EncryptorTest_t141_Test8TestBodyEv _ZN7testing15nionResultC2IbEERKT_PNS_8internal8EnableIfIXntsr3std14is_convertibleIS2_S0_EE5valueEE4typeE, , 1 36 4294967212 4 
_ZN8SEALTest23EncryptorTest_t141_Test8TestBodyEv _ZNK7testing15nionResultcvbEv, , 1 
_ZN8SEALTest23EncryptorTest_t141_Test8TestBodyEv _ZN7testing15nionResultD2Ev, , 1 
_ZN8SEALTest23EncryptorTest_t141_Test8TestBodyEv _ZNSt6vectorISt7complexIdESaIS1_EEixEm, 0 0 , 0 0 0 5.58294e-322 0 5.58294e-322 28 
_ZN8SEALTest23EncryptorTest_t141_Test8TestBodyEv _ZNKSt7complexIdE4realB5cxx11Ev, 0 , 0 0 
_ZN8SEALTest23EncryptorTest_t141_Test8TestBodyEv _ZNSt6vectorISt7complexIdESaIS1_EEixEm, -0.00010174 4.01161e-05 , 2.51636e-05 -0.000129112 0 5.58294e-322 0 5.58294e-322 28 
_ZN8SEALTest23EncryptorTest_t141_Test8TestBodyEv _ZNKSt7complexIdE4realB5cxx11Ev, -0.00010174 , -0.00010174 4.01161e-05 
_ZN8SEALTest23EncryptorTest_t141_Test8TestBodyEv _ZSt3absd, 0.00010174 , 0.00010174 
_ZN8SEALTest23EncryptorTest_t141_Test8TestBodyEv _ZN7testing15nionResultC2IbEERKT_PNS_8internal8EnableIfIXntsr3std14is_convertibleIS2_S0_EE5valueEE4typeE, , 1 36 4294967212 4 
_ZN8SEALTest23EncryptorTest_t141_Test8TestBodyEv _ZNK7testing15nionResultcvbEv, , 1 
_ZN8SEALTest23EncryptorTest_t141_Test8TestBodyEv _ZN7testing15nionResultD2Ev, , 1 
_ZN8SEALTest23EncryptorTest_t141_Test8TestBodyEv _ZNSt6vectorISt7complexIdESaIS1_EEixEm, 0 0 , 0 0 0 5.58294e-322 0 5.58294e-322 29 
_ZN8SEALTest23EncryptorTest_t141_Test8TestBodyEv _ZNKSt7complexIdE4realB5cxx11Ev, 0 , 0 0 
_ZN8SEALTest23EncryptorTest_t141_Test8TestBodyEv _ZNSt6vectorISt7complexIdESaIS1_EEixEm, -0.000437194 -0.000154619 , 2.51636e-05 -0.000129112 0 5.58294e-322 0 5.58294e-322 29 
_ZN8SEALTest23EncryptorTest_t141_Test8TestBodyEv _ZNKSt7complexIdE4realB5cxx11Ev, -0.000437194 , -0.000437194 -0.000154619 
_ZN8SEALTest23EncryptorTest_t141_Test8TestBodyEv _ZSt3absd, 0.000437194 , 0.000437194 
_ZN8SEALTest23EncryptorTest_t141_Test8TestBodyEv _ZN7testing15nionResultC2IbEERKT_PNS_8internal8EnableIfIXntsr3std14is_convertibleIS2_S0_EE5valueEE4typeE, , 1 36 4294967212 4 
_ZN8SEALTest23EncryptorTest_t141_Test8TestBodyEv _ZNK7testing15nionResultcvbEv, , 1 
_ZN8SEALTest23EncryptorTest_t141_Test8TestBodyEv _ZN7testing15nionResultD2Ev, , 1 
_ZN8SEALTest23EncryptorTest_t141_Test8TestBodyEv _ZNSt6vectorISt7complexIdESaIS1_EEixEm, 0 0 , 0 0 0 5.58294e-322 0 5.58294e-322 30 
_ZN8SEALTest23EncryptorTest_t141_Test8TestBodyEv _ZNKSt7complexIdE4realB5cxx11Ev, 0 , 0 0 
_ZN8SEALTest23EncryptorTest_t141_Test8TestBodyEv _ZNSt6vectorISt7complexIdESaIS1_EEixEm, 0.00011201 0.00026353 , 2.51636e-05 -0.000129112 0 5.58294e-322 0 5.58294e-322 30 
_ZN8SEALTest23EncryptorTest_t141_Test8TestBodyEv _ZNKSt7complexIdE4realB5cxx11Ev, 0.00011201 , 0.00011201 0.00026353 
_ZN8SEALTest23EncryptorTest_t141_Test8TestBodyEv _ZSt3absd, 0.00011201 , -0.00011201 
_ZN8SEALTest23EncryptorTest_t141_Test8TestBodyEv _ZN7testing15nionResultC2IbEERKT_PNS_8internal8EnableIfIXntsr3std14is_convertibleIS2_S0_EE5valueEE4typeE, , 1 36 4294967212 4 
_ZN8SEALTest23EncryptorTest_t141_Test8TestBodyEv _ZNK7testing15nionResultcvbEv, , 1 
_ZN8SEALTest23EncryptorTest_t141_Test8TestBodyEv _ZN7testing15nionResultD2Ev, , 1 
_ZN8SEALTest23EncryptorTest_t141_Test8TestBodyEv _ZNSt6vectorISt7complexIdESaIS1_EEixEm, 0 0 , 0 0 0 5.58294e-322 0 5.58294e-322 31 
_ZN8SEALTest23EncryptorTest_t141_Test8TestBodyEv _ZNKSt7complexIdE4realB5cxx11Ev, 0 , 0 0 
_ZN8SEALTest23EncryptorTest_t141_Test8TestBodyEv _ZNSt6vectorISt7complexIdESaIS1_EEixEm, 0.000199862 7.27259e-05 , 2.51636e-05 -0.000129112 0 5.58294e-322 0 5.58294e-322 31 
_ZN8SEALTest23EncryptorTest_t141_Test8TestBodyEv _ZNKSt7complexIdE4realB5cxx11Ev, 0.000199862 , 0.000199862 7.27259e-05 
_ZN8SEALTest23EncryptorTest_t141_Test8TestBodyEv _ZSt3absd, 0.000199862 , -0.000199862 
_ZN8SEALTest23EncryptorTest_t141_Test8TestBodyEv _ZN7testing15nionResultC2IbEERKT_PNS_8internal8EnableIfIXntsr3std14is_convertibleIS2_S0_EE5valueEE4typeE, , 1 36 4294967212 4 
_ZN8SEALTest23EncryptorTest_t141_Test8TestBodyEv _ZNK7testing15nionResultcvbEv, , 1 
_ZN8SEALTest23EncryptorTest_t141_Test8TestBodyEv _ZN7testing15nionResultD2Ev, , 1 
_ZN8SEALTest23EncryptorTest_t141_Test8TestBodyEv _ZNSt6vectorISt7complexIdESaIS1_EED2Ev, , 0 5.2616e-316 0 5.58294e-322 0 5.58294e-322 
_ZN8SEALTest23EncryptorTest_t141_Test8TestBodyEv _ZNSt6vectorISt7complexIdESaIS1_EED2Ev, , 5.32059e-316 5.2616e-316 0 5.58294e-322 0 5.58294e-322 
_ZN8SEALTest23EncryptorTest_t141_Test8TestBodyEv _ZN4seal9PlaintextD2Ev, , 12843679414704506939 10427507420252886261 11443800852292249434 14164320514007188355 192 65536 30 1 0 0 0 0 216 112 246 99 77 30 
_ZN8SEALTest23EncryptorTest_t141_Test8TestBodyEv _ZN4seal9PlaintextD2Ev, , 12843679414704506939 10427507420252886261 11443800852292249434 14164320514007188355 192 65536 29 1 0 0 0 255 255 110 5 0 0 0 
_ZN8SEALTest23EncryptorTest_t141_Test8TestBodyEv _ZN4seal10CiphertextD2Ev, , 12843679414704506939 10427507420252886261 11443800852292249434 14164320514007188355 1 2 64 3 65536 28 1 0 0 0 0 0 0 1 0 0 0 
_ZN8SEALTest23EncryptorTest_t141_Test8TestBodyEv _ZN4seal9DecryptorD2Ev, , 106496016 0 28 1 14102763463539450252 426483856878028733 8507827172028373804 17331008153497417233 12843679414704506939 10427507420252886261 11443800852292249434 14164320514007188355 12843679414704506939 10427507420252886261 11443800852292249434 14164320514007188355 2 2 1 2 0 1 0 0 0 4 1 1 0 0 0 0 0 0 0 0 0 0 0 0 0 0 0 0 0 0 0 0 0 0 0 0 0 0 
_ZN8SEALTest23EncryptorTest_t141_Test8TestBodyEv _ZN4seal9EncryptorD2Ev, , 106496016 0 27 1 14102763463539450252 426483856878028733 8507827172028373804 17331008153497417233 12843679414704506939 10427507420252886261 11443800852292249434 14164320514007188355 12843679414704506939 10427507420252886261 11443800852292249434 14164320514007188355 2 2 1 2 0 1 0 0 0 3 1 14102763463539450252 426483856878028733 8507827172028373804 17331008153497417233 1 2 64 4 1 27 1 0 0 0 0 40 123 248 143 109 25 0 0 0 0 0 1 106496016 0 0 0 0 0 0 0 1 0 0 0 
_ZN8SEALTest23EncryptorTest_t141_Test8TestBodyEv _ZN4seal11CKKSEncoderD2Ev, , 26 1 26 1 14102763463539450252 426483856878028733 8507827172028373804 17331008153497417233 12843679414704506939 10427507420252886261 11443800852292249434 14164320514007188355 12843679414704506939 10427507420252886261 11443800852292249434 14164320514007188355 2 2 1 2 0 1 0 0 0 2 1 32 0 0 48 233 255 255 255 31 0 0 0 0 0 0 0 0 0 0 0 0 0 0 0 0 
_ZN8SEALTest23EncryptorTest_t141_Test8TestBodyEv _ZN4seal12KeyGeneratorD2Ev, , 106496016 0 25 1 14102763463539450252 426483856878028733 8507827172028373804 17331008153497417233 12843679414704506939 10427507420252886261 11443800852292249434 14164320514007188355 12843679414704506939 10427507420252886261 11443800852292249434 14164320514007188355 2 2 1 2 0 1 0 0 0 1 1 14102763463539450252 426483856878028733 8507827172028373804 17331008153497417233 1 2 64 4 1 25 1 0 0 0 0 0 0 0 0 0 0 14102763463539450252 426483856878028733 8507827172028373804 17331008153497417233 256 1 106496016 0 0 0 0 0 0 0 119 0 0 0 1 0 66 25 78 254 127 0 0 0 0 0 0 0 0 0 0 0 0 0 0 0 0 0 0 0 0 1 1 0 0 0 0 0 0 
_ZN8SEALTest23EncryptorTest_t141_Test8TestBodyEv _ZNSt10shared_ptrIN4seal11SEALContextEED2Ev, , 0 5 14102763463539450252 426483856878028733 8507827172028373804 17331008153497417233 12843679414704506939 10427507420252886261 11443800852292249434 14164320514007188355 12843679414704506939 10427507420252886261 11443800852292249434 14164320514007188355 2 0 1 2 0 1 0 0 0 0 0 
_ZN8SEALTest23EncryptorTest_t141_Test8TestBodyEv _ZN4seal20EncryptionParametersD2Ev, , 1 1 2 64 107473456 106496016 16777216 359660194444 1 40 1 0 0 0 0 209 107473040 106496016 16777216 3177908876 83 0 0 0 0 209 107473040 106496016 16777216 3177908876 83 0 0 0 0 0 0 0 1 0 0 255 255 31 14102763463539450252 426483856878028733 8507827172028373804 17331008153497417233 
_ZN8SEALTest23EncryptorTest_t141_TestD0Ev _ZN8SEALTest23EncryptorTest_t141_TestD2Ev, , 
main ret, 0 , 
