Trace Function
_ZN4seal4util29divide_uint192_uint64_inplaceEPmmS1_ _ZN4seal4util8add_safeIivEET_S2_S2_, 192 , 129 63 
_ZN4seal4util29divide_uint192_uint64_inplaceEPmmS1_ _Znwm, 96 29 35 6 , 24 
_ZN4seal4util29divide_uint192_uint64_inplaceEPmmS1_ _Znwm, 16 17 35 6 , 24 
_ZN4seal4util29divide_uint192_uint64_inplaceEPmmS1_ _ZdlPv, , 16 17 35 6 
_ZN4seal4util29divide_uint192_uint64_inplaceEPmmS1_ _ZdlPv, , 96 29 35 6 
_ZN4seal4util29divide_uint192_uint64_inplaceEPmmS1_ _ZN4seal4util8add_safeIivEET_S2_S2_, 192 , 129 63 
_ZN4seal4util29divide_uint192_uint64_inplaceEPmmS1_ _Znwm, 64 36 35 6 , 24 
_ZN4seal4util29divide_uint192_uint64_inplaceEPmmS1_ _Znwm, 16 29 35 6 , 24 
_ZN4seal4util29divide_uint192_uint64_inplaceEPmmS1_ _ZdlPv, , 16 29 35 6 
_ZN8SEALTest23EncryptorTest_t153_Test8TestBodyEv _ZN7testing15nionResultC2IbEERKT_PNS_8internal8EnableIfIXntsr3std14is_convertibleIS2_S0_EE5valueEE4typeE, , 1 74 4294967292 127 
_ZN8SEALTest23EncryptorTest_t153_Test8TestBodyEv _ZNK7testing15nionResultcvbEv, , 1 
_ZN8SEALTest23EncryptorTest_t153_Test8TestBodyEv _ZN7testing15nionResultD2Ev, , 1 
_ZN8SEALTest23EncryptorTest_t153_Test8TestBodyEv _ZNSt6vectorISt7complexIdESaIS1_EEixEm, 1 0 , 1 0 0 5.58294e-322 0 5.58294e-322 28 
_ZN8SEALTest23EncryptorTest_t153_Test8TestBodyEv _ZNKSt7complexIdE4realB5cxx11Ev, 1 , 1 0 
_ZN8SEALTest23EncryptorTest_t153_Test8TestBodyEv _ZNSt6vectorISt7complexIdESaIS1_EEixEm, 0.999605 -0.000409625 , 0.999971 7.93561e-05 0 5.58294e-322 0 5.58294e-322 28 
_ZN8SEALTest23EncryptorTest_t153_Test8TestBodyEv _ZNKSt7complexIdE4realB5cxx11Ev, 0.999605 , 0.999605 -0.000409625 
_ZN8SEALTest23EncryptorTest_t153_Test8TestBodyEv _ZSt3absd, 0.000394653 , 0.000394653 
_ZN8SEALTest23EncryptorTest_t153_Test8TestBodyEv _ZN7testing15nionResultC2IbEERKT_PNS_8internal8EnableIfIXntsr3std14is_convertibleIS2_S0_EE5valueEE4typeE, , 1 74 4294967292 127 
_ZN8SEALTest23EncryptorTest_t153_Test8TestBodyEv _ZNK7testing15nionResultcvbEv, , 1 
_ZN8SEALTest23EncryptorTest_t153_Test8TestBodyEv _ZN7testing15nionResultD2Ev, , 1 
_ZN8SEALTest23EncryptorTest_t153_Test8TestBodyEv _ZNSt6vectorISt7complexIdESaIS1_EEixEm, 1 0 , 1 0 0 5.58294e-322 0 5.58294e-322 29 
_ZN8SEALTest23EncryptorTest_t153_Test8TestBodyEv _ZNKSt7complexIdE4realB5cxx11Ev, 1 , 1 0 
_ZN8SEALTest23EncryptorTest_t153_Test8TestBodyEv _ZNSt6vectorISt7complexIdESaIS1_EEixEm, 1.00007 3.7378e-05 , 0.999971 7.93561e-05 0 5.58294e-322 0 5.58294e-322 29 
_ZN8SEALTest23EncryptorTest_t153_Test8TestBodyEv _ZNKSt7complexIdE4realB5cxx11Ev, 1.00007 , 1.00007 3.7378e-05 
_ZN8SEALTest23EncryptorTest_t153_Test8TestBodyEv _ZSt3absd, 7.43836e-05 , -7.43836e-05 
_ZN8SEALTest23EncryptorTest_t153_Test8TestBodyEv _ZN7testing15nionResultC2IbEERKT_PNS_8internal8EnableIfIXntsr3std14is_convertibleIS2_S0_EE5valueEE4typeE, , 1 74 4294967292 127 
_ZN8SEALTest23EncryptorTest_t153_Test8TestBodyEv _ZNK7testing15nionResultcvbEv, , 1 
_ZN8SEALTest23EncryptorTest_t153_Test8TestBodyEv _ZN7testing15nionResultD2Ev, , 1 
_ZN8SEALTest23EncryptorTest_t153_Test8TestBodyEv _ZNSt6vectorISt7complexIdESaIS1_EEixEm, 1 0 , 1 0 0 5.58294e-322 0 5.58294e-322 30 
_ZN8SEALTest23EncryptorTest_t153_Test8TestBodyEv _ZNKSt7complexIdE4realB5cxx11Ev, 1 , 1 0 
_ZN8SEALTest23EncryptorTest_t153_Test8TestBodyEv _ZNSt6vectorISt7complexIdESaIS1_EEixEm, 1.00013 0.000365558 , 0.999971 7.93561e-05 0 5.58294e-322 0 5.58294e-322 30 
_ZN8SEALTest23EncryptorTest_t153_Test8TestBodyEv _ZNKSt7complexIdE4realB5cxx11Ev, 1.00013 , 1.00013 0.000365558 
_ZN8SEALTest23EncryptorTest_t153_Test8TestBodyEv _ZSt3absd, 0.000130962 , -0.000130962 
_ZN8SEALTest23EncryptorTest_t153_Test8TestBodyEv _ZN7testing15nionResultC2IbEERKT_PNS_8internal8EnableIfIXntsr3std14is_convertibleIS2_S0_EE5valueEE4typeE, , 1 74 4294967292 127 
_ZN8SEALTest23EncryptorTest_t153_Test8TestBodyEv _ZNK7testing15nionResultcvbEv, , 1 
_ZN8SEALTest23EncryptorTest_t153_Test8TestBodyEv _ZN7testing15nionResultD2Ev, , 1 
_ZN8SEALTest23EncryptorTest_t153_Test8TestBodyEv _ZNSt6vectorISt7complexIdESaIS1_EEixEm, 1 0 , 1 0 0 5.58294e-322 0 5.58294e-322 31 
_ZN8SEALTest23EncryptorTest_t153_Test8TestBodyEv _ZNKSt7complexIdE4realB5cxx11Ev, 1 , 1 0 
_ZN8SEALTest23EncryptorTest_t153_Test8TestBodyEv _ZNSt6vectorISt7complexIdESaIS1_EEixEm, 1.00014 2.58819e-05 , 0.999971 7.93561e-05 0 5.58294e-322 0 5.58294e-322 31 
_ZN8SEALTest23EncryptorTest_t153_Test8TestBodyEv _ZNKSt7complexIdE4realB5cxx11Ev, 1.00014 , 1.00014 2.58819e-05 
_ZN8SEALTest23EncryptorTest_t153_Test8TestBodyEv _ZSt3absd, 0.000144171 , -0.000144171 
_ZN8SEALTest23EncryptorTest_t153_Test8TestBodyEv _ZN7testing15nionResultC2IbEERKT_PNS_8internal8EnableIfIXntsr3std14is_convertibleIS2_S0_EE5valueEE4typeE, , 1 74 4294967292 127 
_ZN8SEALTest23EncryptorTest_t153_Test8TestBodyEv _ZNK7testing15nionResultcvbEv, , 1 
_ZN8SEALTest23EncryptorTest_t153_Test8TestBodyEv _ZN7testing15nionResultD2Ev, , 1 
_ZN8SEALTest23EncryptorTest_t153_Test8TestBodyEv _ZNSt10shared_ptrIKN4seal11SEALContext11ContextDataEED2Ev, , 45 1 45 1 2 64 1099511619841 2233503956317897076 16777216 359660194444 1 40 1 0 0 0 0 33 103508864 0 0 33 0 0 0 0 0 33 103508864 0 0 33 0 0 0 0 0 0 0 0 0 0 0 0 1 0 0 0 0 0 0 0 5 1 0 0 0 0 1 0 0 0 0 0 17471808625322188932 7226418797455597638 15148012323625922014 13167704877247735326 1 1 1 1 0 0 0 0 0 0 0 45 1 1 64 2 2 3 2 1099511619841 2233503956317897076 16777216 359660194444 1 40 1 0 0 0 1 4294967265 4294967295 4294967295 4294967295 0 0 0 0 0 0 0 0 2305843009208713217 318767040 8 1587694152974400 1 61 1 127 0 0 1 0 0 0 0 0 0 0 0 2305843009208713217 318767040 8 1587694152974400 1 61 1 127 0 0 1 0 0 0 0 0 0 0 0 0 0 0 0 0 0 0 0 1099511621249 4294967169 4294967270 4294967295 4294967295 4294967295 0 0 0 0 0 0 0 0 1099511621249 4294967169 4294967270 4294967295 4294967295 4294967295 0 240 130 239 240 69 2 0 0 0 0 0 0 0 0 0 698908309487 4294967279 119 46 4294967226 4294967202 0 0 0 0 0 0 0 0 4294960769 4294967169 4294967270 4294967295 4294967295 0 0 0 0 0 0 0 0 699692263029 117 4294967206 4294967272 4294967272 4294967202 0 0 0 0 0 0 0 0 1519993175086576041 4294967209 4294967217 13 78 4294967229 25 24 21 4294967179 75 13 4294967268 24 4294967186 59 19 4294967239 42 50 4294967272 116 4294967272 41 4 0 0 0 0 0 0 0 0 16629366785 1 0 0 0 0 1 0 0 0 0 0 0 0 0 0 0 0 737870114790509117 61 10 119 4294967234 4294967285 112 61 10 4294967237 4294967285 4294967288 60 10 4294967183 4294967234 21 4294967169 4294967270 4294967295 4294967295 0 0 0 0 0 0 0 0 2305843009202159617 1 0 0 0 0 0 0 0 0 352450689 954944906924050867 0 655377305384 40 15 4294967176 4294967191 4294967192 0 0 0 0 0 0 0 0 2303168996393096849 4294967185 22 4294967220 4294967263 4294967295 127 4294967286 31 1 121 80 4294967263 4294967295 4294967295 4294967273 31 1 4 4294967264 4294967263 4294967295 4294967295 4294967291 31 17 1 0 0 0 0 0 0 0 0 2289944483439200130 4294967170 71 4294967234 2 96 4294967172 4294967239 31 4294967170 71 94 2 4294967168 4294967175 4294967239 31 4294967170 71 4294967278 2 0 0 0 0 0 0 0 0 0 0 10 107 189 83 0 0 0 0 0 0 0 0 0 0 0 0 0 0 0 0 0 0 0 0 0 0 0 0 0 0 0 45 1 1 33018395344829426 1 1 0 0 0 0 0 0 0 0 8 8 0 0 0 0 0 0 0 0 1152921504604356609 1 0 0 0 0 0 0 0 0 9223372036854775812 4 0 0 0 0 0 0 0 0 6 64 2305843009208713217 318767040 8 1587694152974400 1 61 1 0 0 0 1 1 0 0 0 0 0 0 0 0 8 8 0 0 0 0 0 0 0 0 2269814212189827073 16 23 35 6 0 0 0 0 0 0 0 0 698908309487 4294967279 119 46 4294967226 4294967202 0 0 0 0 0 0 0 0 4294967296 0 4294967296 0 1 33 0 0 0 0 2305843009211596801 134217664 8 281474708275264 1 61 1 0 0 0 0 0 0 0 1 0 0 0 0 0 2305843009210023937 234880960 8 862016646414400 1 61 1 0 0 0 16 23 35 6 0 0 0 0 0 0 0 0 45 1 1 31056880876 1 1 0 0 0 0 0 0 0 0 16777216 0 0 0 0 0 0 0 0 549755809921 4294967169 4294967280 4294967295 4294967295 127 0 0 0 0 0 0 0 0 9223372036863164416 0 0 0 0 0 0 0 0 6 64 1099511619841 2233503956317897076 16777216 359660194444 1 40 1 0 0 0 1 1 0 0 0 0 0 0 0 0 16777216 0 0 0 0 0 0 0 0 1082331750781 16 23 35 6 0 0 0 0 0 0 0 0 0 0 0 0 0 0 0 0 18430842936600446849 4294967169 71 22 3 0 0 0 0 0 0 0 0 80 0 0 0 0 0 0 0 0 0 0 0 0 9223372036854775808 966384410881 1 4294967265 4294967295 0 0 0 0 0 0 0 0 18438793505154999233 4294967233 35 4294967179 1 0 0 0 0 0 0 0 0 0 0 0 0 0 0 0 0 0 3 2 1 2 2 
_ZN8SEALTest23EncryptorTest_t153_Test8TestBodyEv _ZNSt10shared_ptrIKN4seal11SEALContext11ContextDataEED2Ev, , 45 1 45 1 2 64 1099511619841 2233503956317897076 16777216 359660194444 1 40 1 0 0 0 0 65 11251683745815360257 72057592746278919 0 1309520297 189 25 24 21 0 65 11251683745815360257 72057592746278919 0 1309520297 189 25 24 21 0 0 0 0 0 0 0 0 1 0 0 0 0 0 0 0 5 1 0 0 0 0 1 0 0 0 0 0 12843679414704506939 10427507420252886261 11443800852292249434 14164320514007188355 1 1 1 1 0 0 0 0 0 0 0 45 1 1 64 3 3 4 2 1099511619841 2233503956317897076 16777216 359660194444 1 40 1 0 0 0 1 4294967265 4294967295 4294967295 4294967295 0 0 0 0 0 0 0 0 2305843009208713217 318767040 8 1587694152974400 1 61 1 127 0 0 1 0 0 0 0 0 0 0 0 2305843009208713217 318767040 8 1587694152974400 1 61 1 127 0 0 1 0 0 0 0 0 0 0 0 0 0 0 0 0 0 0 0 18433798423838364161 1 4294967186 10 2 0 0 0 0 0 0 0 0 2292899970677117442 2 4294967186 4294967222 1 96 4 4294967250 31 4294967170 76 39 2 96 4294967172 4294967244 31 4294967170 71 4294967234 2 96 4294967172 4294967239 31 68 4294967241 0 0 0 0 0 0 0 0 0 0 0 0 0 0 0 0 59571463239 71 100 4294967228 4294967262 13 0 0 0 0 0 0 0 0 34247169 1 4294967186 10 2 0 0 0 0 0 0 0 0 1051913715355 4294967195 126 4294967281 4294967274 4294967284 0 0 0 0 0 0 0 0 758790477294124603 59 4294967230 16 58 4294967275 4294967235 4294967175 10 4294967175 4294967187 4294967249 4294967182 127 4294967286 54 6 87 97 20 4294967190 4294967204 104 64 25 4294967217 4294967281 4294967287 4294967248 100 101 4294967275 18 1 4294967265 4294967295 0 0 0 0 0 0 0 0 379516004931 67 4294967210 4294967274 92 88 0 0 0 0 0 0 0 0 0 0 0 0 0 0 0 0 1618552812753211631 4294967279 80 93 46 53 65 118 22 39 51 4294967267 4294967182 4294967234 5 4294967197 22 4294967277 123 4294967191 65 8 4294967225 4294967276 18 1 4294967186 10 2 0 0 0 0 0 0 0 0 103903848824832 0 0 0 0 0 0 0 0 910986497 202967456014670489 0 605194476025 4294967289 4294967257 102 4294967272 4294967180 0 0 0 0 0 0 0 0 2303168996393096849 4294967185 22 4294967220 4294967263 4294967295 127 4294967286 31 1 121 80 4294967263 4294967295 4294967295 4294967273 31 65 4294967196 56 4294967263 4294967295 4294967295 4294967270 31 1 4 4294967264 4294967263 4294967295 4294967295 4294967291 31 4294967237 114 1 52 4294967175 47 111 19 4294967237 114 88 75 4294967171 4294967217 126 18 4294967237 114 4294967282 80 4294967187 4294967292 68 18 4294967237 114 4294967228 41 4294967235 6 4294967257 19 4294967190 2 64 4294967213 4294967295 4294967295 4294967295 15 4294967243 0 0 0 0 0 0 0 0 1400390266875114181 4294967237 114 1 52 4294967175 47 111 19 4294967237 114 88 75 4294967171 4294967217 126 18 4294967237 114 4294967282 80 4294967187 4294967292 68 18 4294967237 114 4294967228 41 4294967235 6 4294967257 19 4294967190 2 64 4294967213 4294967295 4294967295 4294967295 15 4294967243 0 0 0 0 0 0 0 0 0 0 101 41 6 0 0 0 0 0 0 0 0 0 0 0 0 0 0 0 0 0 0 0 0 0 0 0 0 0 0 0 0 45 1 1 33018395344829426 1 1 0 0 0 0 0 0 0 0 8 8 0 0 0 0 0 0 0 0 1152921504604356609 1 0 0 0 0 0 0 0 0 9223372036854775812 4 0 0 0 0 0 0 0 0 6 64 2305843009208713217 318767040 8 1587694152974400 1 61 1 0 0 0 1 1 0 0 0 0 0 0 0 0 8 8 0 0 0 0 0 0 0 0 2269814212189827073 16 23 35 6 0 0 0 0 0 0 0 0 313737132596 52 4294967226 48 12 73 0 0 0 0 0 0 0 0 4294967296 0 4294967296 0 1 33 0 0 0 0 2305843009211596801 134217664 8 281474708275264 1 61 1 0 0 0 0 0 0 0 1 0 0 0 0 0 2305843009210023937 234880960 8 862016646414400 1 61 1 0 0 0 16 23 35 6 0 0 0 0 0 0 0 0 45 1 1 31056880876 1 1 0 0 0 0 0 0 0 0 16777216 0 0 0 0 0 0 0 0 549755809921 4294967169 4294967280 4294967295 4294967295 127 0 0 0 0 0 0 0 0 9223372036863164416 0 0 0 0 0 0 0 0 6 64 1099511619841 2233503956317897076 16777216 359660194444 1 40 1 0 0 0 1 1 0 0 0 0 0 0 0 0 16777216 0 0 0 0 0 0 0 0 1082331750781 16 23 35 6 0 0 0 0 0 0 0 0 0 0 0 0 0 0 0 0 11251683745815360257 1 115 92 4294967226 4294967232 2 38 4294967196 7 0 0 0 0 0 0 0 0 120 0 0 0 0 0 0 0 0 0 0 0 0 9223372036854775808 966384410881 1 4294967265 4294967295 0 0 0 0 0 0 0 0 14849213909762455937 4294967169 57 46 93 96 1 19 4294967246 3 4294967168 4294967169 4294967257 4294967295 4294967295 127 0 0 0 0 0 0 0 0 0 0 0 0 0 0 0 0 0 1 2 2 2 2 
_ZN8SEALTest23EncryptorTest_t153_Test8TestBodyEv _ZNSt6vectorISt7complexIdESaIS1_EED2Ev, , 0 5.06571e-316 0 5.58294e-322 0 5.58294e-322 
_ZN8SEALTest23EncryptorTest_t153_Test8TestBodyEv _ZNSt6vectorISt7complexIdESaIS1_EED2Ev, , 5.12679e-316 5.06571e-316 0 5.58294e-322 0 5.58294e-322 
_ZN8SEALTest23EncryptorTest_t153_Test8TestBodyEv _ZN4seal9PlaintextD2Ev, , 17471808625322188932 7226418797455597638 15148012323625922014 13167704877247735326 128 65536 44 1 0 0 0 46 41 6 0 0 0 0 
_ZN8SEALTest23EncryptorTest_t153_Test8TestBodyEv _ZN4seal9PlaintextD2Ev, , 17471808625322188932 7226418797455597638 15148012323625922014 13167704877247735326 128 65536 43 1 0 0 0 127 78 74 252 127 0 0 
_ZN8SEALTest23EncryptorTest_t153_Test8TestBodyEv _ZN4seal10CiphertextD2Ev, , 17471808625322188932 7226418797455597638 15148012323625922014 13167704877247735326 1 2 64 2 65536 42 1 0 0 0 0 0 0 0 0 0 0 
_ZN8SEALTest23EncryptorTest_t153_Test8TestBodyEv _ZN4seal9DecryptorD2Ev, , 102531088 0 42 1 14102763463539450252 426483856878028733 8507827172028373804 17331008153497417233 12843679414704506939 10427507420252886261 11443800852292249434 14164320514007188355 13190182776415242318 217801828975301078 6836932630682592590 18251910004772806115 5 4 1 5 0 1 0 0 0 4 1 1 0 0 0 0 0 0 0 0 0 0 0 0 0 0 0 0 0 0 0 0 0 0 0 0 0 0 
_ZN8SEALTest23EncryptorTest_t153_Test8TestBodyEv _ZN4seal9EncryptorD2Ev, , 102531088 0 41 1 14102763463539450252 426483856878028733 8507827172028373804 17331008153497417233 12843679414704506939 10427507420252886261 11443800852292249434 14164320514007188355 13190182776415242318 217801828975301078 6836932630682592590 18251910004772806115 5 4 1 5 0 1 0 0 0 3 1 0 0 0 0 0 0 0 0 1 41 1 0 0 0 14 64 0 0 0 0 0 14102763463539450252 426483856878028733 8507827172028373804 17331008153497417233 256 1 102531088 0 0 0 0 251 22 77 0 0 0 0 
_ZN8SEALTest23EncryptorTest_t153_Test8TestBodyEv _ZN4seal11CKKSEncoderD2Ev, , 40 1 40 1 14102763463539450252 426483856878028733 8507827172028373804 17331008153497417233 12843679414704506939 10427507420252886261 11443800852292249434 14164320514007188355 13190182776415242318 217801828975301078 6836932630682592590 18251910004772806115 5 4 1 5 0 1 0 0 0 2 1 32 0 0 0 0 0 0 0 0 0 0 0 0 124 0 0 0 0 0 0 0 0 0 0 0 
_ZN8SEALTest23EncryptorTest_t153_Test8TestBodyEv _ZN4seal12KeyGeneratorD2Ev, , 102531088 0 39 1 14102763463539450252 426483856878028733 8507827172028373804 17331008153497417233 12843679414704506939 10427507420252886261 11443800852292249434 14164320514007188355 13190182776415242318 217801828975301078 6836932630682592590 18251910004772806115 5 4 1 5 0 1 0 0 0 1 1 14102763463539450252 426483856878028733 8507827172028373804 17331008153497417233 1 2 64 4 1 39 1 0 0 0 0 0 0 0 0 0 0 14102763463539450252 426483856878028733 8507827172028373804 17331008153497417233 256 1 102531088 0 0 0 0 0 0 0 0 0 0 0 1 0 0 0 0 0 0 0 0 0 0 0 0 0 0 0 0 0 0 0 0 0 0 0 0 0 0 1 1 0 0 0 0 0 0 
_ZN8SEALTest23EncryptorTest_t153_Test8TestBodyEv _ZNSt10shared_ptrIN4seal11SEALContextEED2Ev, , 0 5 14102763463539450252 426483856878028733 8507827172028373804 17331008153497417233 12843679414704506939 10427507420252886261 11443800852292249434 14164320514007188355 13190182776415242318 217801828975301078 6836932630682592590 18251910004772806115 5 0 1 5 0 1 0 0 0 0 0 
_ZN8SEALTest23EncryptorTest_t153_Test8TestBodyEv _ZN4seal20EncryptionParametersD2Ev, , 1 1 2 64 103508528 102531088 16777216 359660194444 1 40 1 0 0 0 0 209 103546752 102531088 16777216 3177908876 83 0 0 0 0 209 103546752 102531088 16777216 3177908876 83 0 0 0 0 0 0 0 1 0 0 0 0 0 14102763463539450252 426483856878028733 8507827172028373804 17331008153497417233 
_ZN8SEALTest23EncryptorTest_t153_TestD0Ev _ZN8SEALTest23EncryptorTest_t153_TestD2Ev, , 
main ret, 0 , 
